2019-05-24 14:49:53.111 INFO  --- [main] com.example.acm.AcmApplication Line:50  - Starting AcmApplication on xg with PID 7327 (/home/xg/school_end/acmBackT/acm_program/target/classes started by xg in /home/xg/school_end/acmBackT/acm_program)
2019-05-24 14:49:53.129 INFO  --- [main] com.example.acm.AcmApplication Line:659 - No active profile set, falling back to default profiles: default
2019-05-24 14:49:56.982 INFO  --- [main] org.apache.coyote.http11.Http11NioProtocol Line:180 - Initializing ProtocolHandler ["http-nio-9999"]
2019-05-24 14:49:56.995 INFO  --- [main] org.apache.catalina.core.StandardService Line:180 - Starting service [Tomcat]
2019-05-24 14:49:56.995 INFO  --- [main] org.apache.catalina.core.StandardEngine Line:180 - Starting Servlet Engine: Apache Tomcat/8.5.31
2019-05-24 14:49:57.003 INFO  --- [localhost-startStop-1] org.apache.catalina.core.AprLifecycleListener Line:180 - The APR based Apache Tomcat Native library which allows optimal performance in production environments was not found on the java.library.path: [/usr/java/packages/lib/amd64:/usr/lib64:/lib64:/lib:/usr/lib]
2019-05-24 14:49:57.132 INFO  --- [localhost-startStop-1] org.apache.catalina.core.ContainerBase.[Tomcat].[localhost].[/] Line:180 - Initializing Spring embedded WebApplicationContext
2019-05-24 14:50:00.775 INFO  --- [main] com.mangofactory.swagger.plugin.SwaggerPluginAdapter Line:33  - Context refreshed
2019-05-24 14:50:00.777 INFO  --- [main] com.mangofactory.swagger.plugin.SwaggerPluginAdapter Line:46  - Found custom SwaggerSpringMvcPlugins
2019-05-24 14:50:00.777 INFO  --- [main] com.mangofactory.swagger.plugin.SwaggerPluginAdapter Line:50  - initializing plugin bean customImplementation
2019-05-24 14:50:00.788 INFO  --- [main] com.mangofactory.swagger.scanners.ApiListingReferenceScanner Line:55  - Scanning for api listing references
2019-05-24 14:50:00.795 INFO  --- [main] com.mangofactory.swagger.core.ClassOrApiAnnotationResourceGrouping Line:50  - Group for method detail was announcement-c-ontroller
2019-05-24 14:50:00.803 INFO  --- [main] com.mangofactory.swagger.scanners.ApiListingReferenceScanner Line:78  - Request mapping: detail belongs to groups: [[ResourceGroup{groupName='announcement-c-ontroller', position=0}]] 
2019-05-24 14:50:00.804 INFO  --- [main] com.mangofactory.swagger.scanners.ApiListingReferenceScanner Line:82  - Adding resource to group:ResourceGroup{groupName='announcement-c-ontroller', position=0} with description:Announcement C Ontroller for handler method:detail
2019-05-24 14:50:00.804 INFO  --- [main] com.mangofactory.swagger.core.ClassOrApiAnnotationResourceGrouping Line:50  - Group for method updateAnnounce was announcement-c-ontroller
2019-05-24 14:50:00.805 INFO  --- [main] com.mangofactory.swagger.scanners.ApiListingReferenceScanner Line:78  - Request mapping: updateAnnounce belongs to groups: [[ResourceGroup{groupName='announcement-c-ontroller', position=0}]] 
2019-05-24 14:50:00.805 INFO  --- [main] com.mangofactory.swagger.scanners.ApiListingReferenceScanner Line:82  - Adding resource to group:ResourceGroup{groupName='announcement-c-ontroller', position=0} with description:Announcement C Ontroller for handler method:updateAnnounce
2019-05-24 14:50:00.808 INFO  --- [main] com.mangofactory.swagger.core.ClassOrApiAnnotationResourceGrouping Line:50  - Group for method selectAnnounce was announcement-c-ontroller
2019-05-24 14:50:00.808 INFO  --- [main] com.mangofactory.swagger.scanners.ApiListingReferenceScanner Line:78  - Request mapping: selectAnnounce belongs to groups: [[ResourceGroup{groupName='announcement-c-ontroller', position=0}]] 
2019-05-24 14:50:00.809 INFO  --- [main] com.mangofactory.swagger.scanners.ApiListingReferenceScanner Line:82  - Adding resource to group:ResourceGroup{groupName='announcement-c-ontroller', position=0} with description:Announcement C Ontroller for handler method:selectAnnounce
2019-05-24 14:50:00.809 INFO  --- [main] com.mangofactory.swagger.core.ClassOrApiAnnotationResourceGrouping Line:50  - Group for method selectClass was announcement-c-ontroller
2019-05-24 14:50:00.814 INFO  --- [main] com.mangofactory.swagger.scanners.ApiListingReferenceScanner Line:78  - Request mapping: selectClass belongs to groups: [[ResourceGroup{groupName='announcement-c-ontroller', position=0}]] 
2019-05-24 14:50:00.814 INFO  --- [main] com.mangofactory.swagger.scanners.ApiListingReferenceScanner Line:82  - Adding resource to group:ResourceGroup{groupName='announcement-c-ontroller', position=0} with description:Announcement C Ontroller for handler method:selectClass
2019-05-24 14:50:00.815 INFO  --- [main] com.mangofactory.swagger.core.ClassOrApiAnnotationResourceGrouping Line:50  - Group for method updateFirst was announcement-c-ontroller
2019-05-24 14:50:00.815 INFO  --- [main] com.mangofactory.swagger.scanners.ApiListingReferenceScanner Line:78  - Request mapping: updateFirst belongs to groups: [[ResourceGroup{groupName='announcement-c-ontroller', position=0}]] 
2019-05-24 14:50:00.815 INFO  --- [main] com.mangofactory.swagger.scanners.ApiListingReferenceScanner Line:82  - Adding resource to group:ResourceGroup{groupName='announcement-c-ontroller', position=0} with description:Announcement C Ontroller for handler method:updateFirst
2019-05-24 14:50:00.816 INFO  --- [main] com.mangofactory.swagger.core.ClassOrApiAnnotationResourceGrouping Line:50  - Group for method addNews was announcement-c-ontroller
2019-05-24 14:50:00.816 INFO  --- [main] com.mangofactory.swagger.scanners.ApiListingReferenceScanner Line:78  - Request mapping: addNews belongs to groups: [[ResourceGroup{groupName='announcement-c-ontroller', position=0}]] 
2019-05-24 14:50:00.816 INFO  --- [main] com.mangofactory.swagger.scanners.ApiListingReferenceScanner Line:82  - Adding resource to group:ResourceGroup{groupName='announcement-c-ontroller', position=0} with description:Announcement C Ontroller for handler method:addNews
2019-05-24 14:50:00.817 INFO  --- [main] com.mangofactory.swagger.core.ClassOrApiAnnotationResourceGrouping Line:50  - Group for method addAttandence was attendance-controller
2019-05-24 14:50:00.822 INFO  --- [main] com.mangofactory.swagger.scanners.ApiListingReferenceScanner Line:78  - Request mapping: addAttandence belongs to groups: [[ResourceGroup{groupName='attendance-controller', position=0}]] 
2019-05-24 14:50:00.822 INFO  --- [main] com.mangofactory.swagger.scanners.ApiListingReferenceScanner Line:82  - Adding resource to group:ResourceGroup{groupName='attendance-controller', position=0} with description:Attendance Controller for handler method:addAttandence
2019-05-24 14:50:00.823 INFO  --- [main] com.mangofactory.swagger.core.ClassOrApiAnnotationResourceGrouping Line:50  - Group for method detailCompetition was competition-controller
2019-05-24 14:50:00.823 INFO  --- [main] com.mangofactory.swagger.scanners.ApiListingReferenceScanner Line:78  - Request mapping: detailCompetition belongs to groups: [[ResourceGroup{groupName='competition-controller', position=0}]] 
2019-05-24 14:50:00.823 INFO  --- [main] com.mangofactory.swagger.scanners.ApiListingReferenceScanner Line:82  - Adding resource to group:ResourceGroup{groupName='competition-controller', position=0} with description:Competition Controller for handler method:detailCompetition
2019-05-24 14:50:00.824 INFO  --- [main] com.mangofactory.swagger.core.ClassOrApiAnnotationResourceGrouping Line:50  - Group for method joinCompetition was competition-controller
2019-05-24 14:50:00.827 INFO  --- [main] com.mangofactory.swagger.scanners.ApiListingReferenceScanner Line:78  - Request mapping: joinCompetition belongs to groups: [[ResourceGroup{groupName='competition-controller', position=0}]] 
2019-05-24 14:50:00.828 INFO  --- [main] com.mangofactory.swagger.scanners.ApiListingReferenceScanner Line:82  - Adding resource to group:ResourceGroup{groupName='competition-controller', position=0} with description:Competition Controller for handler method:joinCompetition
2019-05-24 14:50:00.834 INFO  --- [main] com.mangofactory.swagger.core.ClassOrApiAnnotationResourceGrouping Line:50  - Group for method personCompetition was competition-controller
2019-05-24 14:50:00.834 INFO  --- [main] com.mangofactory.swagger.scanners.ApiListingReferenceScanner Line:78  - Request mapping: personCompetition belongs to groups: [[ResourceGroup{groupName='competition-controller', position=0}]] 
2019-05-24 14:50:00.835 INFO  --- [main] com.mangofactory.swagger.scanners.ApiListingReferenceScanner Line:82  - Adding resource to group:ResourceGroup{groupName='competition-controller', position=0} with description:Competition Controller for handler method:personCompetition
2019-05-24 14:50:00.835 INFO  --- [main] com.mangofactory.swagger.core.ClassOrApiAnnotationResourceGrouping Line:50  - Group for method userCompetition was competition-controller
2019-05-24 14:50:00.835 INFO  --- [main] com.mangofactory.swagger.scanners.ApiListingReferenceScanner Line:78  - Request mapping: userCompetition belongs to groups: [[ResourceGroup{groupName='competition-controller', position=0}]] 
2019-05-24 14:50:00.836 INFO  --- [main] com.mangofactory.swagger.scanners.ApiListingReferenceScanner Line:82  - Adding resource to group:ResourceGroup{groupName='competition-controller', position=0} with description:Competition Controller for handler method:userCompetition
2019-05-24 14:50:00.836 INFO  --- [main] com.mangofactory.swagger.core.ClassOrApiAnnotationResourceGrouping Line:50  - Group for method updateCompetition was competition-controller
2019-05-24 14:50:00.836 INFO  --- [main] com.mangofactory.swagger.scanners.ApiListingReferenceScanner Line:78  - Request mapping: updateCompetition belongs to groups: [[ResourceGroup{groupName='competition-controller', position=0}]] 
2019-05-24 14:50:00.837 INFO  --- [main] com.mangofactory.swagger.scanners.ApiListingReferenceScanner Line:82  - Adding resource to group:ResourceGroup{groupName='competition-controller', position=0} with description:Competition Controller for handler method:updateCompetition
2019-05-24 14:50:00.837 INFO  --- [main] com.mangofactory.swagger.core.ClassOrApiAnnotationResourceGrouping Line:50  - Group for method selectCompetition was competition-controller
2019-05-24 14:50:00.840 INFO  --- [main] com.mangofactory.swagger.scanners.ApiListingReferenceScanner Line:78  - Request mapping: selectCompetition belongs to groups: [[ResourceGroup{groupName='competition-controller', position=0}]] 
2019-05-24 14:50:00.840 INFO  --- [main] com.mangofactory.swagger.scanners.ApiListingReferenceScanner Line:82  - Adding resource to group:ResourceGroup{groupName='competition-controller', position=0} with description:Competition Controller for handler method:selectCompetition
2019-05-24 14:50:00.841 INFO  --- [main] com.mangofactory.swagger.core.ClassOrApiAnnotationResourceGrouping Line:50  - Group for method deleteCompetition was competition-controller
2019-05-24 14:50:00.841 INFO  --- [main] com.mangofactory.swagger.scanners.ApiListingReferenceScanner Line:78  - Request mapping: deleteCompetition belongs to groups: [[ResourceGroup{groupName='competition-controller', position=0}]] 
2019-05-24 14:50:00.846 INFO  --- [main] com.mangofactory.swagger.scanners.ApiListingReferenceScanner Line:82  - Adding resource to group:ResourceGroup{groupName='competition-controller', position=0} with description:Competition Controller for handler method:deleteCompetition
2019-05-24 14:50:00.846 INFO  --- [main] com.mangofactory.swagger.core.ClassOrApiAnnotationResourceGrouping Line:50  - Group for method doneCompetition was competition-controller
2019-05-24 14:50:00.847 INFO  --- [main] com.mangofactory.swagger.scanners.ApiListingReferenceScanner Line:78  - Request mapping: doneCompetition belongs to groups: [[ResourceGroup{groupName='competition-controller', position=0}]] 
2019-05-24 14:50:00.847 INFO  --- [main] com.mangofactory.swagger.scanners.ApiListingReferenceScanner Line:82  - Adding resource to group:ResourceGroup{groupName='competition-controller', position=0} with description:Competition Controller for handler method:doneCompetition
2019-05-24 14:50:00.847 INFO  --- [main] com.mangofactory.swagger.core.ClassOrApiAnnotationResourceGrouping Line:50  - Group for method addCompetition was competition-controller
2019-05-24 14:50:00.848 INFO  --- [main] com.mangofactory.swagger.scanners.ApiListingReferenceScanner Line:78  - Request mapping: addCompetition belongs to groups: [[ResourceGroup{groupName='competition-controller', position=0}]] 
2019-05-24 14:50:00.848 INFO  --- [main] com.mangofactory.swagger.scanners.ApiListingReferenceScanner Line:82  - Adding resource to group:ResourceGroup{groupName='competition-controller', position=0} with description:Competition Controller for handler method:addCompetition
2019-05-24 14:50:00.848 INFO  --- [main] com.mangofactory.swagger.core.ClassOrApiAnnotationResourceGrouping Line:50  - Group for method updateDayDuty was day-duty-controller
2019-05-24 14:50:00.849 INFO  --- [main] com.mangofactory.swagger.scanners.ApiListingReferenceScanner Line:78  - Request mapping: updateDayDuty belongs to groups: [[ResourceGroup{groupName='day-duty-controller', position=0}]] 
2019-05-24 14:50:00.849 INFO  --- [main] com.mangofactory.swagger.scanners.ApiListingReferenceScanner Line:82  - Adding resource to group:ResourceGroup{groupName='day-duty-controller', position=0} with description:Day Duty Controller for handler method:updateDayDuty
2019-05-24 14:50:00.849 INFO  --- [main] com.mangofactory.swagger.core.ClassOrApiAnnotationResourceGrouping Line:50  - Group for method selectDayDuty was day-duty-controller
2019-05-24 14:50:00.854 INFO  --- [main] com.mangofactory.swagger.scanners.ApiListingReferenceScanner Line:78  - Request mapping: selectDayDuty belongs to groups: [[ResourceGroup{groupName='day-duty-controller', position=0}]] 
2019-05-24 14:50:00.854 INFO  --- [main] com.mangofactory.swagger.scanners.ApiListingReferenceScanner Line:82  - Adding resource to group:ResourceGroup{groupName='day-duty-controller', position=0} with description:Day Duty Controller for handler method:selectDayDuty
2019-05-24 14:50:00.854 INFO  --- [main] com.mangofactory.swagger.core.ClassOrApiAnnotationResourceGrouping Line:50  - Group for method detailDayDuty was day-duty-controller
2019-05-24 14:50:00.855 INFO  --- [main] com.mangofactory.swagger.scanners.ApiListingReferenceScanner Line:78  - Request mapping: detailDayDuty belongs to groups: [[ResourceGroup{groupName='day-duty-controller', position=0}]] 
2019-05-24 14:50:00.855 INFO  --- [main] com.mangofactory.swagger.scanners.ApiListingReferenceScanner Line:82  - Adding resource to group:ResourceGroup{groupName='day-duty-controller', position=0} with description:Day Duty Controller for handler method:detailDayDuty
2019-05-24 14:50:00.855 INFO  --- [main] com.mangofactory.swagger.core.ClassOrApiAnnotationResourceGrouping Line:50  - Group for method uploadImg was image-controller
2019-05-24 14:50:00.856 INFO  --- [main] com.mangofactory.swagger.scanners.ApiListingReferenceScanner Line:78  - Request mapping: uploadImg belongs to groups: [[ResourceGroup{groupName='image-controller', position=0}]] 
2019-05-24 14:50:00.856 INFO  --- [main] com.mangofactory.swagger.scanners.ApiListingReferenceScanner Line:82  - Adding resource to group:ResourceGroup{groupName='image-controller', position=0} with description:Image Controller for handler method:uploadImg
2019-05-24 14:50:00.856 INFO  --- [main] com.mangofactory.swagger.core.ClassOrApiAnnotationResourceGrouping Line:50  - Group for method uploadImg1 was image-controller
2019-05-24 14:50:00.856 INFO  --- [main] com.mangofactory.swagger.scanners.ApiListingReferenceScanner Line:78  - Request mapping: uploadImg1 belongs to groups: [[ResourceGroup{groupName='image-controller', position=0}]] 
2019-05-24 14:50:00.856 INFO  --- [main] com.mangofactory.swagger.scanners.ApiListingReferenceScanner Line:82  - Adding resource to group:ResourceGroup{groupName='image-controller', position=0} with description:Image Controller for handler method:uploadImg1
2019-05-24 14:50:00.857 INFO  --- [main] com.mangofactory.swagger.core.ClassOrApiAnnotationResourceGrouping Line:50  - Group for method showPhotos was image-controller
2019-05-24 14:50:00.857 INFO  --- [main] com.mangofactory.swagger.scanners.ApiListingReferenceScanner Line:78  - Request mapping: showPhotos belongs to groups: [[ResourceGroup{groupName='image-controller', position=0}]] 
2019-05-24 14:50:00.857 INFO  --- [main] com.mangofactory.swagger.scanners.ApiListingReferenceScanner Line:82  - Adding resource to group:ResourceGroup{groupName='image-controller', position=0} with description:Image Controller for handler method:showPhotos
2019-05-24 14:50:00.858 INFO  --- [main] com.mangofactory.swagger.core.ClassOrApiAnnotationResourceGrouping Line:50  - Group for method addImpression was impression-controller
2019-05-24 14:50:00.860 INFO  --- [main] com.mangofactory.swagger.scanners.ApiListingReferenceScanner Line:78  - Request mapping: addImpression belongs to groups: [[ResourceGroup{groupName='impression-controller', position=0}]] 
2019-05-24 14:50:00.860 INFO  --- [main] com.mangofactory.swagger.scanners.ApiListingReferenceScanner Line:82  - Adding resource to group:ResourceGroup{groupName='impression-controller', position=0} with description:Impression Controller for handler method:addImpression
2019-05-24 14:50:00.861 INFO  --- [main] com.mangofactory.swagger.core.ClassOrApiAnnotationResourceGrouping Line:50  - Group for method deleteImpression was impression-controller
2019-05-24 14:50:00.867 INFO  --- [main] com.mangofactory.swagger.scanners.ApiListingReferenceScanner Line:78  - Request mapping: deleteImpression belongs to groups: [[ResourceGroup{groupName='impression-controller', position=0}]] 
2019-05-24 14:50:00.868 INFO  --- [main] com.mangofactory.swagger.scanners.ApiListingReferenceScanner Line:82  - Adding resource to group:ResourceGroup{groupName='impression-controller', position=0} with description:Impression Controller for handler method:deleteImpression
2019-05-24 14:50:00.868 INFO  --- [main] com.mangofactory.swagger.core.ClassOrApiAnnotationResourceGrouping Line:50  - Group for method selectUserImpression was impression-controller
2019-05-24 14:50:00.868 INFO  --- [main] com.mangofactory.swagger.scanners.ApiListingReferenceScanner Line:78  - Request mapping: selectUserImpression belongs to groups: [[ResourceGroup{groupName='impression-controller', position=0}]] 
2019-05-24 14:50:00.868 INFO  --- [main] com.mangofactory.swagger.scanners.ApiListingReferenceScanner Line:82  - Adding resource to group:ResourceGroup{groupName='impression-controller', position=0} with description:Impression Controller for handler method:selectUserImpression
2019-05-24 14:50:00.869 INFO  --- [main] com.mangofactory.swagger.core.ClassOrApiAnnotationResourceGrouping Line:50  - Group for method userImpression was impression-controller
2019-05-24 14:50:00.869 INFO  --- [main] com.mangofactory.swagger.scanners.ApiListingReferenceScanner Line:78  - Request mapping: userImpression belongs to groups: [[ResourceGroup{groupName='impression-controller', position=0}]] 
2019-05-24 14:50:00.869 INFO  --- [main] com.mangofactory.swagger.scanners.ApiListingReferenceScanner Line:82  - Adding resource to group:ResourceGroup{groupName='impression-controller', position=0} with description:Impression Controller for handler method:userImpression
2019-05-24 14:50:00.869 INFO  --- [main] com.mangofactory.swagger.core.ClassOrApiAnnotationResourceGrouping Line:50  - Group for method agreeImpression was impression-controller
2019-05-24 14:50:00.870 INFO  --- [main] com.mangofactory.swagger.scanners.ApiListingReferenceScanner Line:78  - Request mapping: agreeImpression belongs to groups: [[ResourceGroup{groupName='impression-controller', position=0}]] 
2019-05-24 14:50:00.870 INFO  --- [main] com.mangofactory.swagger.scanners.ApiListingReferenceScanner Line:82  - Adding resource to group:ResourceGroup{groupName='impression-controller', position=0} with description:Impression Controller for handler method:agreeImpression
2019-05-24 14:50:00.870 INFO  --- [main] com.mangofactory.swagger.core.ClassOrApiAnnotationResourceGrouping Line:50  - Group for method interextImpression was impression-controller
2019-05-24 14:50:00.871 INFO  --- [main] com.mangofactory.swagger.scanners.ApiListingReferenceScanner Line:78  - Request mapping: interextImpression belongs to groups: [[ResourceGroup{groupName='impression-controller', position=0}]] 
2019-05-24 14:50:00.871 INFO  --- [main] com.mangofactory.swagger.scanners.ApiListingReferenceScanner Line:82  - Adding resource to group:ResourceGroup{groupName='impression-controller', position=0} with description:Impression Controller for handler method:interextImpression
2019-05-24 14:50:00.871 INFO  --- [main] com.mangofactory.swagger.core.ClassOrApiAnnotationResourceGrouping Line:50  - Group for method updateImpression was impression-controller
2019-05-24 14:50:00.871 INFO  --- [main] com.mangofactory.swagger.scanners.ApiListingReferenceScanner Line:78  - Request mapping: updateImpression belongs to groups: [[ResourceGroup{groupName='impression-controller', position=0}]] 
2019-05-24 14:50:00.872 INFO  --- [main] com.mangofactory.swagger.scanners.ApiListingReferenceScanner Line:82  - Adding resource to group:ResourceGroup{groupName='impression-controller', position=0} with description:Impression Controller for handler method:updateImpression
2019-05-24 14:50:00.872 INFO  --- [main] com.mangofactory.swagger.core.ClassOrApiAnnotationResourceGrouping Line:50  - Group for method getIndexInfo was info-controller
2019-05-24 14:50:00.872 INFO  --- [main] com.mangofactory.swagger.scanners.ApiListingReferenceScanner Line:78  - Request mapping: getIndexInfo belongs to groups: [[ResourceGroup{groupName='info-controller', position=0}]] 
2019-05-24 14:50:00.873 INFO  --- [main] com.mangofactory.swagger.scanners.ApiListingReferenceScanner Line:82  - Adding resource to group:ResourceGroup{groupName='info-controller', position=0} with description:Info Controller for handler method:getIndexInfo
2019-05-24 14:50:00.873 INFO  --- [main] com.mangofactory.swagger.core.ClassOrApiAnnotationResourceGrouping Line:50  - Group for method selectClass was new-classify-controller
2019-05-24 14:50:00.874 INFO  --- [main] com.mangofactory.swagger.scanners.ApiListingReferenceScanner Line:78  - Request mapping: selectClass belongs to groups: [[ResourceGroup{groupName='new-classify-controller', position=0}]] 
2019-05-24 14:50:00.874 INFO  --- [main] com.mangofactory.swagger.scanners.ApiListingReferenceScanner Line:82  - Adding resource to group:ResourceGroup{groupName='new-classify-controller', position=0} with description:New Classify Controller for handler method:selectClass
2019-05-24 14:50:00.874 INFO  --- [main] com.mangofactory.swagger.core.ClassOrApiAnnotationResourceGrouping Line:50  - Group for method selectClass was new-classify-controller
2019-05-24 14:50:00.875 INFO  --- [main] com.mangofactory.swagger.scanners.ApiListingReferenceScanner Line:78  - Request mapping: selectClass belongs to groups: [[ResourceGroup{groupName='new-classify-controller', position=0}]] 
2019-05-24 14:50:00.875 INFO  --- [main] com.mangofactory.swagger.scanners.ApiListingReferenceScanner Line:82  - Adding resource to group:ResourceGroup{groupName='new-classify-controller', position=0} with description:New Classify Controller for handler method:selectClass
2019-05-24 14:50:00.875 INFO  --- [main] com.mangofactory.swagger.core.ClassOrApiAnnotationResourceGrouping Line:50  - Group for method addNews was new-classify-controller
2019-05-24 14:50:00.876 INFO  --- [main] com.mangofactory.swagger.scanners.ApiListingReferenceScanner Line:78  - Request mapping: addNews belongs to groups: [[ResourceGroup{groupName='new-classify-controller', position=0}]] 
2019-05-24 14:50:00.876 INFO  --- [main] com.mangofactory.swagger.scanners.ApiListingReferenceScanner Line:82  - Adding resource to group:ResourceGroup{groupName='new-classify-controller', position=0} with description:New Classify Controller for handler method:addNews
2019-05-24 14:50:00.876 INFO  --- [main] com.mangofactory.swagger.core.ClassOrApiAnnotationResourceGrouping Line:50  - Group for method detail was news-controller
2019-05-24 14:50:00.876 INFO  --- [main] com.mangofactory.swagger.scanners.ApiListingReferenceScanner Line:78  - Request mapping: detail belongs to groups: [[ResourceGroup{groupName='news-controller', position=0}]] 
2019-05-24 14:50:00.877 INFO  --- [main] com.mangofactory.swagger.scanners.ApiListingReferenceScanner Line:82  - Adding resource to group:ResourceGroup{groupName='news-controller', position=0} with description:News Controller for handler method:detail
2019-05-24 14:50:00.877 INFO  --- [main] com.mangofactory.swagger.core.ClassOrApiAnnotationResourceGrouping Line:50  - Group for method addNews was news-controller
2019-05-24 14:50:00.877 INFO  --- [main] com.mangofactory.swagger.scanners.ApiListingReferenceScanner Line:78  - Request mapping: addNews belongs to groups: [[ResourceGroup{groupName='news-controller', position=0}]] 
2019-05-24 14:50:00.878 INFO  --- [main] com.mangofactory.swagger.scanners.ApiListingReferenceScanner Line:82  - Adding resource to group:ResourceGroup{groupName='news-controller', position=0} with description:News Controller for handler method:addNews
2019-05-24 14:50:00.878 INFO  --- [main] com.mangofactory.swagger.core.ClassOrApiAnnotationResourceGrouping Line:50  - Group for method selectNewsMain was news-controller
2019-05-24 14:50:00.882 INFO  --- [main] com.mangofactory.swagger.scanners.ApiListingReferenceScanner Line:78  - Request mapping: selectNewsMain belongs to groups: [[ResourceGroup{groupName='news-controller', position=0}]] 
2019-05-24 14:50:00.882 INFO  --- [main] com.mangofactory.swagger.scanners.ApiListingReferenceScanner Line:82  - Adding resource to group:ResourceGroup{groupName='news-controller', position=0} with description:News Controller for handler method:selectNewsMain
2019-05-24 14:50:00.882 INFO  --- [main] com.mangofactory.swagger.core.ClassOrApiAnnotationResourceGrouping Line:50  - Group for method updateNewMain was news-controller
2019-05-24 14:50:00.883 INFO  --- [main] com.mangofactory.swagger.scanners.ApiListingReferenceScanner Line:78  - Request mapping: updateNewMain belongs to groups: [[ResourceGroup{groupName='news-controller', position=0}]] 
2019-05-24 14:50:00.883 INFO  --- [main] com.mangofactory.swagger.scanners.ApiListingReferenceScanner Line:82  - Adding resource to group:ResourceGroup{groupName='news-controller', position=0} with description:News Controller for handler method:updateNewMain
2019-05-24 14:50:00.883 INFO  --- [main] com.mangofactory.swagger.core.ClassOrApiAnnotationResourceGrouping Line:50  - Group for method deleteNewMain was news-controller
2019-05-24 14:50:00.883 INFO  --- [main] com.mangofactory.swagger.scanners.ApiListingReferenceScanner Line:78  - Request mapping: deleteNewMain belongs to groups: [[ResourceGroup{groupName='news-controller', position=0}]] 
2019-05-24 14:50:00.883 INFO  --- [main] com.mangofactory.swagger.scanners.ApiListingReferenceScanner Line:82  - Adding resource to group:ResourceGroup{groupName='news-controller', position=0} with description:News Controller for handler method:deleteNewMain
2019-05-24 14:50:00.884 INFO  --- [main] com.mangofactory.swagger.core.ClassOrApiAnnotationResourceGrouping Line:50  - Group for method login was user-controller
2019-05-24 14:50:00.884 INFO  --- [main] com.mangofactory.swagger.scanners.ApiListingReferenceScanner Line:78  - Request mapping: login belongs to groups: [[ResourceGroup{groupName='user-controller', position=0}]] 
2019-05-24 14:50:00.884 INFO  --- [main] com.mangofactory.swagger.scanners.ApiListingReferenceScanner Line:82  - Adding resource to group:ResourceGroup{groupName='user-controller', position=0} with description:user Controller for handler method:login
2019-05-24 14:50:00.884 INFO  --- [main] com.mangofactory.swagger.core.ClassOrApiAnnotationResourceGrouping Line:50  - Group for method selectUser was user-controller
2019-05-24 14:50:00.884 INFO  --- [main] com.mangofactory.swagger.scanners.ApiListingReferenceScanner Line:78  - Request mapping: selectUser belongs to groups: [[ResourceGroup{groupName='user-controller', position=0}]] 
2019-05-24 14:50:00.885 INFO  --- [main] com.mangofactory.swagger.scanners.ApiListingReferenceScanner Line:82  - Adding resource to group:ResourceGroup{groupName='user-controller', position=0} with description:user Controller for handler method:selectUser
2019-05-24 14:50:00.885 INFO  --- [main] com.mangofactory.swagger.core.ClassOrApiAnnotationResourceGrouping Line:50  - Group for method selectUser was user-controller
2019-05-24 14:50:00.885 INFO  --- [main] com.mangofactory.swagger.scanners.ApiListingReferenceScanner Line:78  - Request mapping: selectUser belongs to groups: [[ResourceGroup{groupName='user-controller', position=0}]] 
2019-05-24 14:50:00.885 INFO  --- [main] com.mangofactory.swagger.scanners.ApiListingReferenceScanner Line:82  - Adding resource to group:ResourceGroup{groupName='user-controller', position=0} with description:user Controller for handler method:selectUser
2019-05-24 14:50:00.888 INFO  --- [main] com.mangofactory.swagger.core.ClassOrApiAnnotationResourceGrouping Line:50  - Group for method notPassUser was user-controller
2019-05-24 14:50:00.889 INFO  --- [main] com.mangofactory.swagger.scanners.ApiListingReferenceScanner Line:78  - Request mapping: notPassUser belongs to groups: [[ResourceGroup{groupName='user-controller', position=0}]] 
2019-05-24 14:50:00.889 INFO  --- [main] com.mangofactory.swagger.scanners.ApiListingReferenceScanner Line:82  - Adding resource to group:ResourceGroup{groupName='user-controller', position=0} with description:user Controller for handler method:notPassUser
2019-05-24 14:50:00.889 INFO  --- [main] com.mangofactory.swagger.core.ClassOrApiAnnotationResourceGrouping Line:50  - Group for method beAdmin was user-controller
2019-05-24 14:50:00.890 INFO  --- [main] com.mangofactory.swagger.scanners.ApiListingReferenceScanner Line:78  - Request mapping: beAdmin belongs to groups: [[ResourceGroup{groupName='user-controller', position=0}]] 
2019-05-24 14:50:00.890 INFO  --- [main] com.mangofactory.swagger.scanners.ApiListingReferenceScanner Line:82  - Adding resource to group:ResourceGroup{groupName='user-controller', position=0} with description:user Controller for handler method:beAdmin
2019-05-24 14:50:00.890 INFO  --- [main] com.mangofactory.swagger.core.ClassOrApiAnnotationResourceGrouping Line:50  - Group for method bePlayer was user-controller
2019-05-24 14:50:00.890 INFO  --- [main] com.mangofactory.swagger.scanners.ApiListingReferenceScanner Line:78  - Request mapping: bePlayer belongs to groups: [[ResourceGroup{groupName='user-controller', position=0}]] 
2019-05-24 14:50:00.891 INFO  --- [main] com.mangofactory.swagger.scanners.ApiListingReferenceScanner Line:82  - Adding resource to group:ResourceGroup{groupName='user-controller', position=0} with description:user Controller for handler method:bePlayer
2019-05-24 14:50:00.891 INFO  --- [main] com.mangofactory.swagger.core.ClassOrApiAnnotationResourceGrouping Line:50  - Group for method updateUserImage was user-controller
2019-05-24 14:50:00.891 INFO  --- [main] com.mangofactory.swagger.scanners.ApiListingReferenceScanner Line:78  - Request mapping: updateUserImage belongs to groups: [[ResourceGroup{groupName='user-controller', position=0}]] 
2019-05-24 14:50:00.891 INFO  --- [main] com.mangofactory.swagger.scanners.ApiListingReferenceScanner Line:82  - Adding resource to group:ResourceGroup{groupName='user-controller', position=0} with description:user Controller for handler method:updateUserImage
2019-05-24 14:50:00.892 INFO  --- [main] com.mangofactory.swagger.core.ClassOrApiAnnotationResourceGrouping Line:50  - Group for method updateUserImageByMy was user-controller
2019-05-24 14:50:00.892 INFO  --- [main] com.mangofactory.swagger.scanners.ApiListingReferenceScanner Line:78  - Request mapping: updateUserImageByMy belongs to groups: [[ResourceGroup{groupName='user-controller', position=0}]] 
2019-05-24 14:50:00.892 INFO  --- [main] com.mangofactory.swagger.scanners.ApiListingReferenceScanner Line:82  - Adding resource to group:ResourceGroup{groupName='user-controller', position=0} with description:user Controller for handler method:updateUserImageByMy
2019-05-24 14:50:00.893 INFO  --- [main] com.mangofactory.swagger.core.ClassOrApiAnnotationResourceGrouping Line:50  - Group for method updateUserInfo was user-controller
2019-05-24 14:50:00.893 INFO  --- [main] com.mangofactory.swagger.scanners.ApiListingReferenceScanner Line:78  - Request mapping: updateUserInfo belongs to groups: [[ResourceGroup{groupName='user-controller', position=0}]] 
2019-05-24 14:50:00.893 INFO  --- [main] com.mangofactory.swagger.scanners.ApiListingReferenceScanner Line:82  - Adding resource to group:ResourceGroup{groupName='user-controller', position=0} with description:user Controller for handler method:updateUserInfo
2019-05-24 14:50:00.898 INFO  --- [main] com.mangofactory.swagger.core.ClassOrApiAnnotationResourceGrouping Line:50  - Group for method deleteUserInfo was user-controller
2019-05-24 14:50:00.898 INFO  --- [main] com.mangofactory.swagger.scanners.ApiListingReferenceScanner Line:78  - Request mapping: deleteUserInfo belongs to groups: [[ResourceGroup{groupName='user-controller', position=0}]] 
2019-05-24 14:50:00.898 INFO  --- [main] com.mangofactory.swagger.scanners.ApiListingReferenceScanner Line:82  - Adding resource to group:ResourceGroup{groupName='user-controller', position=0} with description:user Controller for handler method:deleteUserInfo
2019-05-24 14:50:00.899 INFO  --- [main] com.mangofactory.swagger.core.ClassOrApiAnnotationResourceGrouping Line:50  - Group for method register was user-controller
2019-05-24 14:50:00.899 INFO  --- [main] com.mangofactory.swagger.scanners.ApiListingReferenceScanner Line:78  - Request mapping: register belongs to groups: [[ResourceGroup{groupName='user-controller', position=0}]] 
2019-05-24 14:50:00.899 INFO  --- [main] com.mangofactory.swagger.scanners.ApiListingReferenceScanner Line:82  - Adding resource to group:ResourceGroup{groupName='user-controller', position=0} with description:user Controller for handler method:register
2019-05-24 14:50:00.899 INFO  --- [main] com.mangofactory.swagger.core.ClassOrApiAnnotationResourceGrouping Line:50  - Group for method userInfo was user-controller
2019-05-24 14:50:00.900 INFO  --- [main] com.mangofactory.swagger.scanners.ApiListingReferenceScanner Line:78  - Request mapping: userInfo belongs to groups: [[ResourceGroup{groupName='user-controller', position=0}]] 
2019-05-24 14:50:00.900 INFO  --- [main] com.mangofactory.swagger.scanners.ApiListingReferenceScanner Line:82  - Adding resource to group:ResourceGroup{groupName='user-controller', position=0} with description:user Controller for handler method:userInfo
2019-05-24 14:50:00.900 INFO  --- [main] com.mangofactory.swagger.core.ClassOrApiAnnotationResourceGrouping Line:50  - Group for method getUserInfo was user-controller
2019-05-24 14:50:00.900 INFO  --- [main] com.mangofactory.swagger.scanners.ApiListingReferenceScanner Line:78  - Request mapping: getUserInfo belongs to groups: [[ResourceGroup{groupName='user-controller', position=0}]] 
2019-05-24 14:50:00.900 INFO  --- [main] com.mangofactory.swagger.scanners.ApiListingReferenceScanner Line:82  - Adding resource to group:ResourceGroup{groupName='user-controller', position=0} with description:user Controller for handler method:getUserInfo
2019-05-24 14:50:00.901 INFO  --- [main] com.mangofactory.swagger.core.ClassOrApiAnnotationResourceGrouping Line:50  - Group for method cLogin was program-controller
2019-05-24 14:50:00.901 INFO  --- [main] com.mangofactory.swagger.scanners.ApiListingReferenceScanner Line:78  - Request mapping: cLogin belongs to groups: [[ResourceGroup{groupName='program-controller', position=0}]] 
2019-05-24 14:50:00.901 INFO  --- [main] com.mangofactory.swagger.scanners.ApiListingReferenceScanner Line:82  - Adding resource to group:ResourceGroup{groupName='program-controller', position=0} with description:program Controller for handler method:cLogin
2019-05-24 14:50:00.901 INFO  --- [main] com.mangofactory.swagger.core.ClassOrApiAnnotationResourceGrouping Line:50  - Group for method wInfo was program-controller
2019-05-24 14:50:00.902 INFO  --- [main] com.mangofactory.swagger.scanners.ApiListingReferenceScanner Line:78  - Request mapping: wInfo belongs to groups: [[ResourceGroup{groupName='program-controller', position=0}]] 
2019-05-24 14:50:00.902 INFO  --- [main] com.mangofactory.swagger.scanners.ApiListingReferenceScanner Line:82  - Adding resource to group:ResourceGroup{groupName='program-controller', position=0} with description:program Controller for handler method:wInfo
2019-05-24 14:50:00.902 INFO  --- [main] com.mangofactory.swagger.core.ClassOrApiAnnotationResourceGrouping Line:50  - Group for method register was program-controller
2019-05-24 14:50:00.902 INFO  --- [main] com.mangofactory.swagger.scanners.ApiListingReferenceScanner Line:78  - Request mapping: register belongs to groups: [[ResourceGroup{groupName='program-controller', position=0}]] 
2019-05-24 14:50:00.903 INFO  --- [main] com.mangofactory.swagger.scanners.ApiListingReferenceScanner Line:82  - Adding resource to group:ResourceGroup{groupName='program-controller', position=0} with description:program Controller for handler method:register
2019-05-24 14:50:00.903 INFO  --- [main] com.mangofactory.swagger.core.ClassOrApiAnnotationResourceGrouping Line:50  - Group for method cLogin was test
2019-05-24 14:50:00.903 INFO  --- [main] com.mangofactory.swagger.scanners.ApiListingReferenceScanner Line:78  - Request mapping: cLogin belongs to groups: [[ResourceGroup{groupName='test', position=0}]] 
2019-05-24 14:50:00.903 INFO  --- [main] com.mangofactory.swagger.scanners.ApiListingReferenceScanner Line:82  - Adding resource to group:ResourceGroup{groupName='test', position=0} with description:test for handler method:cLogin
2019-05-24 14:50:00.903 INFO  --- [main] com.mangofactory.swagger.core.ClassOrApiAnnotationResourceGrouping Line:50  - Group for method wInfo was test
2019-05-24 14:50:00.905 INFO  --- [main] com.mangofactory.swagger.scanners.ApiListingReferenceScanner Line:78  - Request mapping: wInfo belongs to groups: [[ResourceGroup{groupName='test', position=0}]] 
2019-05-24 14:50:00.906 INFO  --- [main] com.mangofactory.swagger.scanners.ApiListingReferenceScanner Line:82  - Adding resource to group:ResourceGroup{groupName='test', position=0} with description:test for handler method:wInfo
2019-05-24 14:50:00.906 INFO  --- [main] com.mangofactory.swagger.core.ClassOrApiAnnotationResourceGrouping Line:50  - Group for method wLogin was test
2019-05-24 14:50:00.907 INFO  --- [main] com.mangofactory.swagger.scanners.ApiListingReferenceScanner Line:78  - Request mapping: wLogin belongs to groups: [[ResourceGroup{groupName='test', position=0}]] 
2019-05-24 14:50:00.907 INFO  --- [main] com.mangofactory.swagger.scanners.ApiListingReferenceScanner Line:82  - Adding resource to group:ResourceGroup{groupName='test', position=0} with description:test for handler method:wLogin
2019-05-24 14:50:00.907 INFO  --- [main] com.mangofactory.swagger.core.ClassOrApiAnnotationResourceGrouping Line:50  - Group for method menu was test
2019-05-24 14:50:00.908 INFO  --- [main] com.mangofactory.swagger.scanners.ApiListingReferenceScanner Line:78  - Request mapping: menu belongs to groups: [[ResourceGroup{groupName='test', position=0}]] 
2019-05-24 14:50:00.908 INFO  --- [main] com.mangofactory.swagger.scanners.ApiListingReferenceScanner Line:82  - Adding resource to group:ResourceGroup{groupName='test', position=0} with description:test for handler method:menu
2019-05-24 14:50:00.909 INFO  --- [main] com.mangofactory.swagger.core.ClassOrApiAnnotationResourceGrouping Line:50  - Group for method menuGet was test
2019-05-24 14:50:00.910 INFO  --- [main] com.mangofactory.swagger.scanners.ApiListingReferenceScanner Line:78  - Request mapping: menuGet belongs to groups: [[ResourceGroup{groupName='test', position=0}]] 
2019-05-24 14:50:00.910 INFO  --- [main] com.mangofactory.swagger.scanners.ApiListingReferenceScanner Line:82  - Adding resource to group:ResourceGroup{groupName='test', position=0} with description:test for handler method:menuGet
2019-05-24 14:50:00.911 INFO  --- [main] com.mangofactory.swagger.core.ClassOrApiAnnotationResourceGrouping Line:50  - Group for method menuDelete was test
2019-05-24 14:50:00.911 INFO  --- [main] com.mangofactory.swagger.scanners.ApiListingReferenceScanner Line:78  - Request mapping: menuDelete belongs to groups: [[ResourceGroup{groupName='test', position=0}]] 
2019-05-24 14:50:00.911 INFO  --- [main] com.mangofactory.swagger.scanners.ApiListingReferenceScanner Line:82  - Adding resource to group:ResourceGroup{groupName='test', position=0} with description:test for handler method:menuDelete
2019-05-24 14:50:00.912 INFO  --- [main] com.mangofactory.swagger.core.ClassOrApiAnnotationResourceGrouping Line:50  - Group for method test was test
2019-05-24 14:50:00.912 INFO  --- [main] com.mangofactory.swagger.scanners.ApiListingReferenceScanner Line:78  - Request mapping: test belongs to groups: [[ResourceGroup{groupName='test', position=0}]] 
2019-05-24 14:50:00.912 INFO  --- [main] com.mangofactory.swagger.scanners.ApiListingReferenceScanner Line:82  - Adding resource to group:ResourceGroup{groupName='test', position=0} with description:test for handler method:test
2019-05-24 14:50:00.913 INFO  --- [main] com.mangofactory.swagger.core.ClassOrApiAnnotationResourceGrouping Line:50  - Group for method id was test
2019-05-24 14:50:00.913 INFO  --- [main] com.mangofactory.swagger.scanners.ApiListingReferenceScanner Line:78  - Request mapping: id belongs to groups: [[ResourceGroup{groupName='test', position=0}]] 
2019-05-24 14:50:00.913 INFO  --- [main] com.mangofactory.swagger.scanners.ApiListingReferenceScanner Line:82  - Adding resource to group:ResourceGroup{groupName='test', position=0} with description:test for handler method:id
2019-05-24 14:50:00.913 INFO  --- [main] com.mangofactory.swagger.core.RequestMappingEvaluator Line:74  - Excluding method as it contains the excluded annotation: interface com.mangofactory.swagger.annotations.ApiIgnore
2019-05-24 14:50:00.913 INFO  --- [main] com.mangofactory.swagger.core.RequestMappingEvaluator Line:74  - Excluding method as it contains the excluded annotation: interface com.mangofactory.swagger.annotations.ApiIgnore
2019-05-24 14:50:00.914 INFO  --- [main] com.mangofactory.swagger.core.ClassOrApiAnnotationResourceGrouping Line:50  - Group for method errorHtml was basic-error-controller
2019-05-24 14:50:00.914 INFO  --- [main] com.mangofactory.swagger.scanners.ApiListingReferenceScanner Line:78  - Request mapping: errorHtml belongs to groups: [[ResourceGroup{groupName='basic-error-controller', position=0}]] 
2019-05-24 14:50:00.914 INFO  --- [main] com.mangofactory.swagger.scanners.ApiListingReferenceScanner Line:82  - Adding resource to group:ResourceGroup{groupName='basic-error-controller', position=0} with description:Basic Error Controller for handler method:errorHtml
2019-05-24 14:50:00.914 INFO  --- [main] com.mangofactory.swagger.core.ClassOrApiAnnotationResourceGrouping Line:50  - Group for method error was basic-error-controller
2019-05-24 14:50:00.915 INFO  --- [main] com.mangofactory.swagger.scanners.ApiListingReferenceScanner Line:78  - Request mapping: error belongs to groups: [[ResourceGroup{groupName='basic-error-controller', position=0}]] 
2019-05-24 14:50:00.915 INFO  --- [main] com.mangofactory.swagger.scanners.ApiListingReferenceScanner Line:82  - Adding resource to group:ResourceGroup{groupName='basic-error-controller', position=0} with description:Basic Error Controller for handler method:error
2019-05-24 14:50:00.942 INFO  --- [main] com.mangofactory.swagger.scanners.ApiListingReferenceScanner Line:96  - Created resource listing Path: /default/announcement-c-ontroller Description: announcement-c-ontroller Position: 0
2019-05-24 14:50:00.943 INFO  --- [main] com.mangofactory.swagger.scanners.ApiListingReferenceScanner Line:96  - Created resource listing Path: /default/info-controller Description: info-controller Position: 0
2019-05-24 14:50:00.943 INFO  --- [main] com.mangofactory.swagger.scanners.ApiListingReferenceScanner Line:96  - Created resource listing Path: /default/image-controller Description: image-controller Position: 0
2019-05-24 14:50:00.944 INFO  --- [main] com.mangofactory.swagger.scanners.ApiListingReferenceScanner Line:96  - Created resource listing Path: /default/test Description: test Position: 0
2019-05-24 14:50:00.944 INFO  --- [main] com.mangofactory.swagger.scanners.ApiListingReferenceScanner Line:96  - Created resource listing Path: /default/impression-controller Description: impression-controller Position: 0
2019-05-24 14:50:00.944 INFO  --- [main] com.mangofactory.swagger.scanners.ApiListingReferenceScanner Line:96  - Created resource listing Path: /default/new-classify-controller Description: new-classify-controller Position: 0
2019-05-24 14:50:00.950 INFO  --- [main] com.mangofactory.swagger.scanners.ApiListingReferenceScanner Line:96  - Created resource listing Path: /default/user-controller Description: user-controller Position: 0
2019-05-24 14:50:00.950 INFO  --- [main] com.mangofactory.swagger.scanners.ApiListingReferenceScanner Line:96  - Created resource listing Path: /default/attendance-controller Description: attendance-controller Position: 0
2019-05-24 14:50:00.950 INFO  --- [main] com.mangofactory.swagger.scanners.ApiListingReferenceScanner Line:96  - Created resource listing Path: /default/program-controller Description: program-controller Position: 0
2019-05-24 14:50:00.951 INFO  --- [main] com.mangofactory.swagger.scanners.ApiListingReferenceScanner Line:96  - Created resource listing Path: /default/news-controller Description: news-controller Position: 0
2019-05-24 14:50:00.951 INFO  --- [main] com.mangofactory.swagger.scanners.ApiListingReferenceScanner Line:96  - Created resource listing Path: /default/basic-error-controller Description: basic-error-controller Position: 0
2019-05-24 14:50:00.951 INFO  --- [main] com.mangofactory.swagger.scanners.ApiListingReferenceScanner Line:96  - Created resource listing Path: /default/competition-controller Description: competition-controller Position: 0
2019-05-24 14:50:00.952 INFO  --- [main] com.mangofactory.swagger.scanners.ApiListingReferenceScanner Line:96  - Created resource listing Path: /default/day-duty-controller Description: day-duty-controller Position: 0
2019-05-24 14:50:03.441 INFO  --- [main] com.mangofactory.swagger.core.SwaggerApiResourceListing Line:89  - Added a resource listing with (13) api resources: 
2019-05-24 14:50:03.441 INFO  --- [main] com.mangofactory.swagger.core.SwaggerApiResourceListing Line:93  -   Announcement C Ontroller at location: /api-docs/default/announcement-c-ontroller
2019-05-24 14:50:03.441 INFO  --- [main] com.mangofactory.swagger.core.SwaggerApiResourceListing Line:93  -   Attendance Controller at location: /api-docs/default/attendance-controller
2019-05-24 14:50:03.441 INFO  --- [main] com.mangofactory.swagger.core.SwaggerApiResourceListing Line:93  -   Basic Error Controller at location: /api-docs/default/basic-error-controller
2019-05-24 14:50:03.442 INFO  --- [main] com.mangofactory.swagger.core.SwaggerApiResourceListing Line:93  -   Competition Controller at location: /api-docs/default/competition-controller
2019-05-24 14:50:03.442 INFO  --- [main] com.mangofactory.swagger.core.SwaggerApiResourceListing Line:93  -   Day Duty Controller at location: /api-docs/default/day-duty-controller
2019-05-24 14:50:03.442 INFO  --- [main] com.mangofactory.swagger.core.SwaggerApiResourceListing Line:93  -   Image Controller at location: /api-docs/default/image-controller
2019-05-24 14:50:03.442 INFO  --- [main] com.mangofactory.swagger.core.SwaggerApiResourceListing Line:93  -   Impression Controller at location: /api-docs/default/impression-controller
2019-05-24 14:50:03.442 INFO  --- [main] com.mangofactory.swagger.core.SwaggerApiResourceListing Line:93  -   Info Controller at location: /api-docs/default/info-controller
2019-05-24 14:50:03.442 INFO  --- [main] com.mangofactory.swagger.core.SwaggerApiResourceListing Line:93  -   New Classify Controller at location: /api-docs/default/new-classify-controller
2019-05-24 14:50:03.442 INFO  --- [main] com.mangofactory.swagger.core.SwaggerApiResourceListing Line:93  -   News Controller at location: /api-docs/default/news-controller
2019-05-24 14:50:03.442 INFO  --- [main] com.mangofactory.swagger.core.SwaggerApiResourceListing Line:93  -   program Controller at location: /api-docs/default/program-controller
2019-05-24 14:50:03.442 INFO  --- [main] com.mangofactory.swagger.core.SwaggerApiResourceListing Line:93  -   test at location: /api-docs/default/test
2019-05-24 14:50:03.442 INFO  --- [main] com.mangofactory.swagger.core.SwaggerApiResourceListing Line:93  -   user Controller at location: /api-docs/default/user-controller
2019-05-24 14:50:03.445 INFO  --- [main] org.apache.coyote.http11.Http11NioProtocol Line:180 - Starting ProtocolHandler ["http-nio-9999"]
2019-05-24 14:50:03.460 INFO  --- [main] org.apache.tomcat.util.net.NioSelectorPool Line:180 - Using a shared selector for servlet write/read
2019-05-24 14:50:03.534 INFO  --- [main] com.example.acm.AcmApplication Line:59  - Started AcmApplication in 11.988 seconds (JVM running for 13.881)
2019-05-24 15:24:36.300 INFO  --- [http-nio-9999-exec-1] org.apache.catalina.core.ContainerBase.[Tomcat].[localhost].[/] Line:180 - Initializing Spring FrameworkServlet 'dispatcherServlet'
2019-05-24 15:24:36.381 INFO  --- [http-nio-9999-exec-2] com.example.acm.interceptor.AuthInterceptor Line:33  - -------------------------POST
2019-05-24 15:24:36.588 INFO  --- [http-nio-9999-exec-2] io.lettuce.core.EpollProvider Line:101 - Starting without optional epoll library
2019-05-24 15:24:36.594 INFO  --- [http-nio-9999-exec-2] io.lettuce.core.KqueueProvider Line:101 - Starting without optional kqueue library
2019-05-24 15:24:36.788 INFO  --- [http-nio-9999-exec-2] com.zaxxer.hikari.HikariDataSource Line:110 - HikariPool-1 - Starting...
2019-05-24 15:24:37.142 INFO  --- [http-nio-9999-exec-2] com.zaxxer.hikari.HikariDataSource Line:123 - HikariPool-1 - Start completed.
2019-05-24 15:24:44.985 INFO  --- [http-nio-9999-exec-6] com.example.acm.interceptor.AuthInterceptor Line:33  - -------------------------POST
2019-05-24 15:24:45.032 INFO  --- [http-nio-9999-exec-8] com.example.acm.interceptor.AuthInterceptor Line:33  - -------------------------POST
2019-05-24 15:24:45.032 INFO  --- [http-nio-9999-exec-7] com.example.acm.interceptor.AuthInterceptor Line:33  - -------------------------POST
2019-05-24 15:24:45.065 INFO  --- [http-nio-9999-exec-8] com.example.acm.interceptor.AuthInterceptor Line:33  - -------------------------POST
2019-05-24 15:24:45.069 INFO  --- [http-nio-9999-exec-7] com.example.acm.interceptor.AuthInterceptor Line:33  - -------------------------POST
2019-05-24 15:24:51.944 INFO  --- [http-nio-9999-exec-9] com.example.acm.interceptor.AuthInterceptor Line:33  - -------------------------POST
2019-05-24 15:39:08.924 INFO  --- [http-nio-9999-exec-4] com.example.acm.interceptor.AuthInterceptor Line:33  - -------------------------POST
2019-05-24 15:43:45.703 INFO  --- [Thread-23] com.zaxxer.hikari.HikariDataSource Line:381 - HikariPool-1 - Shutdown initiated...
2019-05-24 15:43:45.736 INFO  --- [Thread-23] com.zaxxer.hikari.HikariDataSource Line:383 - HikariPool-1 - Shutdown completed.
