2019-05-17 21:00:36.457 INFO  --- [main] com.example.acm.AcmApplication Line:50  - Starting AcmApplication on xg with PID 7279 (/home/xg/school_end/acmBackT/acm_program/target/classes started by xg in /home/xg/school_end/acmBackT/acm_program)
2019-05-17 21:00:36.477 INFO  --- [main] com.example.acm.AcmApplication Line:659 - No active profile set, falling back to default profiles: default
2019-05-17 21:00:38.660 INFO  --- [main] org.apache.coyote.http11.Http11NioProtocol Line:180 - Initializing ProtocolHandler ["http-nio-9999"]
2019-05-17 21:00:38.675 INFO  --- [main] org.apache.catalina.core.StandardService Line:180 - Starting service [Tomcat]
2019-05-17 21:00:38.676 INFO  --- [main] org.apache.catalina.core.StandardEngine Line:180 - Starting Servlet Engine: Apache Tomcat/8.5.31
2019-05-17 21:00:38.681 INFO  --- [localhost-startStop-1] org.apache.catalina.core.AprLifecycleListener Line:180 - The APR based Apache Tomcat Native library which allows optimal performance in production environments was not found on the java.library.path: [/usr/java/packages/lib/amd64:/usr/lib64:/lib64:/lib:/usr/lib]
2019-05-17 21:00:38.780 INFO  --- [localhost-startStop-1] org.apache.catalina.core.ContainerBase.[Tomcat].[localhost].[/] Line:180 - Initializing Spring embedded WebApplicationContext
2019-05-17 21:00:42.899 INFO  --- [main] com.mangofactory.swagger.plugin.SwaggerPluginAdapter Line:33  - Context refreshed
2019-05-17 21:00:42.899 INFO  --- [main] com.mangofactory.swagger.plugin.SwaggerPluginAdapter Line:46  - Found custom SwaggerSpringMvcPlugins
2019-05-17 21:00:42.900 INFO  --- [main] com.mangofactory.swagger.plugin.SwaggerPluginAdapter Line:50  - initializing plugin bean customImplementation
2019-05-17 21:00:42.904 INFO  --- [main] com.mangofactory.swagger.scanners.ApiListingReferenceScanner Line:55  - Scanning for api listing references
2019-05-17 21:00:42.906 INFO  --- [main] com.mangofactory.swagger.core.ClassOrApiAnnotationResourceGrouping Line:50  - Group for method detail was announcement-c-ontroller
2019-05-17 21:00:42.907 INFO  --- [main] com.mangofactory.swagger.scanners.ApiListingReferenceScanner Line:78  - Request mapping: detail belongs to groups: [[ResourceGroup{groupName='announcement-c-ontroller', position=0}]] 
2019-05-17 21:00:42.908 INFO  --- [main] com.mangofactory.swagger.scanners.ApiListingReferenceScanner Line:82  - Adding resource to group:ResourceGroup{groupName='announcement-c-ontroller', position=0} with description:Announcement C Ontroller for handler method:detail
2019-05-17 21:00:42.908 INFO  --- [main] com.mangofactory.swagger.core.ClassOrApiAnnotationResourceGrouping Line:50  - Group for method selectClass was announcement-c-ontroller
2019-05-17 21:00:42.908 INFO  --- [main] com.mangofactory.swagger.scanners.ApiListingReferenceScanner Line:78  - Request mapping: selectClass belongs to groups: [[ResourceGroup{groupName='announcement-c-ontroller', position=0}]] 
2019-05-17 21:00:42.909 INFO  --- [main] com.mangofactory.swagger.scanners.ApiListingReferenceScanner Line:82  - Adding resource to group:ResourceGroup{groupName='announcement-c-ontroller', position=0} with description:Announcement C Ontroller for handler method:selectClass
2019-05-17 21:00:42.909 INFO  --- [main] com.mangofactory.swagger.core.ClassOrApiAnnotationResourceGrouping Line:50  - Group for method updateFirst was announcement-c-ontroller
2019-05-17 21:00:42.909 INFO  --- [main] com.mangofactory.swagger.scanners.ApiListingReferenceScanner Line:78  - Request mapping: updateFirst belongs to groups: [[ResourceGroup{groupName='announcement-c-ontroller', position=0}]] 
2019-05-17 21:00:42.910 INFO  --- [main] com.mangofactory.swagger.scanners.ApiListingReferenceScanner Line:82  - Adding resource to group:ResourceGroup{groupName='announcement-c-ontroller', position=0} with description:Announcement C Ontroller for handler method:updateFirst
2019-05-17 21:00:42.910 INFO  --- [main] com.mangofactory.swagger.core.ClassOrApiAnnotationResourceGrouping Line:50  - Group for method updateAnnounce was announcement-c-ontroller
2019-05-17 21:00:42.911 INFO  --- [main] com.mangofactory.swagger.scanners.ApiListingReferenceScanner Line:78  - Request mapping: updateAnnounce belongs to groups: [[ResourceGroup{groupName='announcement-c-ontroller', position=0}]] 
2019-05-17 21:00:42.911 INFO  --- [main] com.mangofactory.swagger.scanners.ApiListingReferenceScanner Line:82  - Adding resource to group:ResourceGroup{groupName='announcement-c-ontroller', position=0} with description:Announcement C Ontroller for handler method:updateAnnounce
2019-05-17 21:00:42.911 INFO  --- [main] com.mangofactory.swagger.core.ClassOrApiAnnotationResourceGrouping Line:50  - Group for method selectAnnounce was announcement-c-ontroller
2019-05-17 21:00:42.912 INFO  --- [main] com.mangofactory.swagger.scanners.ApiListingReferenceScanner Line:78  - Request mapping: selectAnnounce belongs to groups: [[ResourceGroup{groupName='announcement-c-ontroller', position=0}]] 
2019-05-17 21:00:42.912 INFO  --- [main] com.mangofactory.swagger.scanners.ApiListingReferenceScanner Line:82  - Adding resource to group:ResourceGroup{groupName='announcement-c-ontroller', position=0} with description:Announcement C Ontroller for handler method:selectAnnounce
2019-05-17 21:00:42.913 INFO  --- [main] com.mangofactory.swagger.core.ClassOrApiAnnotationResourceGrouping Line:50  - Group for method addNews was announcement-c-ontroller
2019-05-17 21:00:42.913 INFO  --- [main] com.mangofactory.swagger.scanners.ApiListingReferenceScanner Line:78  - Request mapping: addNews belongs to groups: [[ResourceGroup{groupName='announcement-c-ontroller', position=0}]] 
2019-05-17 21:00:42.913 INFO  --- [main] com.mangofactory.swagger.scanners.ApiListingReferenceScanner Line:82  - Adding resource to group:ResourceGroup{groupName='announcement-c-ontroller', position=0} with description:Announcement C Ontroller for handler method:addNews
2019-05-17 21:00:42.914 INFO  --- [main] com.mangofactory.swagger.core.ClassOrApiAnnotationResourceGrouping Line:50  - Group for method addAttandence was attendance-controller
2019-05-17 21:00:42.914 INFO  --- [main] com.mangofactory.swagger.scanners.ApiListingReferenceScanner Line:78  - Request mapping: addAttandence belongs to groups: [[ResourceGroup{groupName='attendance-controller', position=0}]] 
2019-05-17 21:00:42.915 INFO  --- [main] com.mangofactory.swagger.scanners.ApiListingReferenceScanner Line:82  - Adding resource to group:ResourceGroup{groupName='attendance-controller', position=0} with description:Attendance Controller for handler method:addAttandence
2019-05-17 21:00:42.915 INFO  --- [main] com.mangofactory.swagger.core.ClassOrApiAnnotationResourceGrouping Line:50  - Group for method detailCompetition was competition-controller
2019-05-17 21:00:42.916 INFO  --- [main] com.mangofactory.swagger.scanners.ApiListingReferenceScanner Line:78  - Request mapping: detailCompetition belongs to groups: [[ResourceGroup{groupName='competition-controller', position=0}]] 
2019-05-17 21:00:42.916 INFO  --- [main] com.mangofactory.swagger.scanners.ApiListingReferenceScanner Line:82  - Adding resource to group:ResourceGroup{groupName='competition-controller', position=0} with description:Competition Controller for handler method:detailCompetition
2019-05-17 21:00:42.916 INFO  --- [main] com.mangofactory.swagger.core.ClassOrApiAnnotationResourceGrouping Line:50  - Group for method joinCompetition was competition-controller
2019-05-17 21:00:42.917 INFO  --- [main] com.mangofactory.swagger.scanners.ApiListingReferenceScanner Line:78  - Request mapping: joinCompetition belongs to groups: [[ResourceGroup{groupName='competition-controller', position=0}]] 
2019-05-17 21:00:42.917 INFO  --- [main] com.mangofactory.swagger.scanners.ApiListingReferenceScanner Line:82  - Adding resource to group:ResourceGroup{groupName='competition-controller', position=0} with description:Competition Controller for handler method:joinCompetition
2019-05-17 21:00:42.918 INFO  --- [main] com.mangofactory.swagger.core.ClassOrApiAnnotationResourceGrouping Line:50  - Group for method personCompetition was competition-controller
2019-05-17 21:00:42.918 INFO  --- [main] com.mangofactory.swagger.scanners.ApiListingReferenceScanner Line:78  - Request mapping: personCompetition belongs to groups: [[ResourceGroup{groupName='competition-controller', position=0}]] 
2019-05-17 21:00:42.919 INFO  --- [main] com.mangofactory.swagger.scanners.ApiListingReferenceScanner Line:82  - Adding resource to group:ResourceGroup{groupName='competition-controller', position=0} with description:Competition Controller for handler method:personCompetition
2019-05-17 21:00:42.919 INFO  --- [main] com.mangofactory.swagger.core.ClassOrApiAnnotationResourceGrouping Line:50  - Group for method userCompetition was competition-controller
2019-05-17 21:00:42.920 INFO  --- [main] com.mangofactory.swagger.scanners.ApiListingReferenceScanner Line:78  - Request mapping: userCompetition belongs to groups: [[ResourceGroup{groupName='competition-controller', position=0}]] 
2019-05-17 21:00:42.920 INFO  --- [main] com.mangofactory.swagger.scanners.ApiListingReferenceScanner Line:82  - Adding resource to group:ResourceGroup{groupName='competition-controller', position=0} with description:Competition Controller for handler method:userCompetition
2019-05-17 21:00:42.920 INFO  --- [main] com.mangofactory.swagger.core.ClassOrApiAnnotationResourceGrouping Line:50  - Group for method updateCompetition was competition-controller
2019-05-17 21:00:42.921 INFO  --- [main] com.mangofactory.swagger.scanners.ApiListingReferenceScanner Line:78  - Request mapping: updateCompetition belongs to groups: [[ResourceGroup{groupName='competition-controller', position=0}]] 
2019-05-17 21:00:42.921 INFO  --- [main] com.mangofactory.swagger.scanners.ApiListingReferenceScanner Line:82  - Adding resource to group:ResourceGroup{groupName='competition-controller', position=0} with description:Competition Controller for handler method:updateCompetition
2019-05-17 21:00:42.921 INFO  --- [main] com.mangofactory.swagger.core.ClassOrApiAnnotationResourceGrouping Line:50  - Group for method selectCompetition was competition-controller
2019-05-17 21:00:42.922 INFO  --- [main] com.mangofactory.swagger.scanners.ApiListingReferenceScanner Line:78  - Request mapping: selectCompetition belongs to groups: [[ResourceGroup{groupName='competition-controller', position=0}]] 
2019-05-17 21:00:42.922 INFO  --- [main] com.mangofactory.swagger.scanners.ApiListingReferenceScanner Line:82  - Adding resource to group:ResourceGroup{groupName='competition-controller', position=0} with description:Competition Controller for handler method:selectCompetition
2019-05-17 21:00:42.923 INFO  --- [main] com.mangofactory.swagger.core.ClassOrApiAnnotationResourceGrouping Line:50  - Group for method deleteCompetition was competition-controller
2019-05-17 21:00:42.923 INFO  --- [main] com.mangofactory.swagger.scanners.ApiListingReferenceScanner Line:78  - Request mapping: deleteCompetition belongs to groups: [[ResourceGroup{groupName='competition-controller', position=0}]] 
2019-05-17 21:00:42.923 INFO  --- [main] com.mangofactory.swagger.scanners.ApiListingReferenceScanner Line:82  - Adding resource to group:ResourceGroup{groupName='competition-controller', position=0} with description:Competition Controller for handler method:deleteCompetition
2019-05-17 21:00:42.924 INFO  --- [main] com.mangofactory.swagger.core.ClassOrApiAnnotationResourceGrouping Line:50  - Group for method doneCompetition was competition-controller
2019-05-17 21:00:42.924 INFO  --- [main] com.mangofactory.swagger.scanners.ApiListingReferenceScanner Line:78  - Request mapping: doneCompetition belongs to groups: [[ResourceGroup{groupName='competition-controller', position=0}]] 
2019-05-17 21:00:42.925 INFO  --- [main] com.mangofactory.swagger.scanners.ApiListingReferenceScanner Line:82  - Adding resource to group:ResourceGroup{groupName='competition-controller', position=0} with description:Competition Controller for handler method:doneCompetition
2019-05-17 21:00:42.925 INFO  --- [main] com.mangofactory.swagger.core.ClassOrApiAnnotationResourceGrouping Line:50  - Group for method addCompetition was competition-controller
2019-05-17 21:00:42.926 INFO  --- [main] com.mangofactory.swagger.scanners.ApiListingReferenceScanner Line:78  - Request mapping: addCompetition belongs to groups: [[ResourceGroup{groupName='competition-controller', position=0}]] 
2019-05-17 21:00:42.926 INFO  --- [main] com.mangofactory.swagger.scanners.ApiListingReferenceScanner Line:82  - Adding resource to group:ResourceGroup{groupName='competition-controller', position=0} with description:Competition Controller for handler method:addCompetition
2019-05-17 21:00:42.927 INFO  --- [main] com.mangofactory.swagger.core.ClassOrApiAnnotationResourceGrouping Line:50  - Group for method updateDayDuty was day-duty-controller
2019-05-17 21:00:42.927 INFO  --- [main] com.mangofactory.swagger.scanners.ApiListingReferenceScanner Line:78  - Request mapping: updateDayDuty belongs to groups: [[ResourceGroup{groupName='day-duty-controller', position=0}]] 
2019-05-17 21:00:42.927 INFO  --- [main] com.mangofactory.swagger.scanners.ApiListingReferenceScanner Line:82  - Adding resource to group:ResourceGroup{groupName='day-duty-controller', position=0} with description:Day Duty Controller for handler method:updateDayDuty
2019-05-17 21:00:42.928 INFO  --- [main] com.mangofactory.swagger.core.ClassOrApiAnnotationResourceGrouping Line:50  - Group for method selectDayDuty was day-duty-controller
2019-05-17 21:00:42.929 INFO  --- [main] com.mangofactory.swagger.scanners.ApiListingReferenceScanner Line:78  - Request mapping: selectDayDuty belongs to groups: [[ResourceGroup{groupName='day-duty-controller', position=0}]] 
2019-05-17 21:00:42.929 INFO  --- [main] com.mangofactory.swagger.scanners.ApiListingReferenceScanner Line:82  - Adding resource to group:ResourceGroup{groupName='day-duty-controller', position=0} with description:Day Duty Controller for handler method:selectDayDuty
2019-05-17 21:00:42.929 INFO  --- [main] com.mangofactory.swagger.core.ClassOrApiAnnotationResourceGrouping Line:50  - Group for method detailDayDuty was day-duty-controller
2019-05-17 21:00:42.930 INFO  --- [main] com.mangofactory.swagger.scanners.ApiListingReferenceScanner Line:78  - Request mapping: detailDayDuty belongs to groups: [[ResourceGroup{groupName='day-duty-controller', position=0}]] 
2019-05-17 21:00:42.930 INFO  --- [main] com.mangofactory.swagger.scanners.ApiListingReferenceScanner Line:82  - Adding resource to group:ResourceGroup{groupName='day-duty-controller', position=0} with description:Day Duty Controller for handler method:detailDayDuty
2019-05-17 21:00:42.931 INFO  --- [main] com.mangofactory.swagger.core.ClassOrApiAnnotationResourceGrouping Line:50  - Group for method uploadImg was image-controller
2019-05-17 21:00:42.931 INFO  --- [main] com.mangofactory.swagger.scanners.ApiListingReferenceScanner Line:78  - Request mapping: uploadImg belongs to groups: [[ResourceGroup{groupName='image-controller', position=0}]] 
2019-05-17 21:00:42.931 INFO  --- [main] com.mangofactory.swagger.scanners.ApiListingReferenceScanner Line:82  - Adding resource to group:ResourceGroup{groupName='image-controller', position=0} with description:Image Controller for handler method:uploadImg
2019-05-17 21:00:42.932 INFO  --- [main] com.mangofactory.swagger.core.ClassOrApiAnnotationResourceGrouping Line:50  - Group for method uploadImg1 was image-controller
2019-05-17 21:00:42.932 INFO  --- [main] com.mangofactory.swagger.scanners.ApiListingReferenceScanner Line:78  - Request mapping: uploadImg1 belongs to groups: [[ResourceGroup{groupName='image-controller', position=0}]] 
2019-05-17 21:00:42.933 INFO  --- [main] com.mangofactory.swagger.scanners.ApiListingReferenceScanner Line:82  - Adding resource to group:ResourceGroup{groupName='image-controller', position=0} with description:Image Controller for handler method:uploadImg1
2019-05-17 21:00:42.933 INFO  --- [main] com.mangofactory.swagger.core.ClassOrApiAnnotationResourceGrouping Line:50  - Group for method showPhotos was image-controller
2019-05-17 21:00:42.934 INFO  --- [main] com.mangofactory.swagger.scanners.ApiListingReferenceScanner Line:78  - Request mapping: showPhotos belongs to groups: [[ResourceGroup{groupName='image-controller', position=0}]] 
2019-05-17 21:00:42.934 INFO  --- [main] com.mangofactory.swagger.scanners.ApiListingReferenceScanner Line:82  - Adding resource to group:ResourceGroup{groupName='image-controller', position=0} with description:Image Controller for handler method:showPhotos
2019-05-17 21:00:42.934 INFO  --- [main] com.mangofactory.swagger.core.ClassOrApiAnnotationResourceGrouping Line:50  - Group for method addImpression was impression-controller
2019-05-17 21:00:42.935 INFO  --- [main] com.mangofactory.swagger.scanners.ApiListingReferenceScanner Line:78  - Request mapping: addImpression belongs to groups: [[ResourceGroup{groupName='impression-controller', position=0}]] 
2019-05-17 21:00:42.935 INFO  --- [main] com.mangofactory.swagger.scanners.ApiListingReferenceScanner Line:82  - Adding resource to group:ResourceGroup{groupName='impression-controller', position=0} with description:Impression Controller for handler method:addImpression
2019-05-17 21:00:42.936 INFO  --- [main] com.mangofactory.swagger.core.ClassOrApiAnnotationResourceGrouping Line:50  - Group for method deleteImpression was impression-controller
2019-05-17 21:00:42.936 INFO  --- [main] com.mangofactory.swagger.scanners.ApiListingReferenceScanner Line:78  - Request mapping: deleteImpression belongs to groups: [[ResourceGroup{groupName='impression-controller', position=0}]] 
2019-05-17 21:00:42.936 INFO  --- [main] com.mangofactory.swagger.scanners.ApiListingReferenceScanner Line:82  - Adding resource to group:ResourceGroup{groupName='impression-controller', position=0} with description:Impression Controller for handler method:deleteImpression
2019-05-17 21:00:42.937 INFO  --- [main] com.mangofactory.swagger.core.ClassOrApiAnnotationResourceGrouping Line:50  - Group for method selectUserImpression was impression-controller
2019-05-17 21:00:42.937 INFO  --- [main] com.mangofactory.swagger.scanners.ApiListingReferenceScanner Line:78  - Request mapping: selectUserImpression belongs to groups: [[ResourceGroup{groupName='impression-controller', position=0}]] 
2019-05-17 21:00:42.938 INFO  --- [main] com.mangofactory.swagger.scanners.ApiListingReferenceScanner Line:82  - Adding resource to group:ResourceGroup{groupName='impression-controller', position=0} with description:Impression Controller for handler method:selectUserImpression
2019-05-17 21:00:42.938 INFO  --- [main] com.mangofactory.swagger.core.ClassOrApiAnnotationResourceGrouping Line:50  - Group for method userImpression was impression-controller
2019-05-17 21:00:42.938 INFO  --- [main] com.mangofactory.swagger.scanners.ApiListingReferenceScanner Line:78  - Request mapping: userImpression belongs to groups: [[ResourceGroup{groupName='impression-controller', position=0}]] 
2019-05-17 21:00:42.939 INFO  --- [main] com.mangofactory.swagger.scanners.ApiListingReferenceScanner Line:82  - Adding resource to group:ResourceGroup{groupName='impression-controller', position=0} with description:Impression Controller for handler method:userImpression
2019-05-17 21:00:42.939 INFO  --- [main] com.mangofactory.swagger.core.ClassOrApiAnnotationResourceGrouping Line:50  - Group for method agreeImpression was impression-controller
2019-05-17 21:00:42.940 INFO  --- [main] com.mangofactory.swagger.scanners.ApiListingReferenceScanner Line:78  - Request mapping: agreeImpression belongs to groups: [[ResourceGroup{groupName='impression-controller', position=0}]] 
2019-05-17 21:00:42.940 INFO  --- [main] com.mangofactory.swagger.scanners.ApiListingReferenceScanner Line:82  - Adding resource to group:ResourceGroup{groupName='impression-controller', position=0} with description:Impression Controller for handler method:agreeImpression
2019-05-17 21:00:42.941 INFO  --- [main] com.mangofactory.swagger.core.ClassOrApiAnnotationResourceGrouping Line:50  - Group for method interextImpression was impression-controller
2019-05-17 21:00:42.941 INFO  --- [main] com.mangofactory.swagger.scanners.ApiListingReferenceScanner Line:78  - Request mapping: interextImpression belongs to groups: [[ResourceGroup{groupName='impression-controller', position=0}]] 
2019-05-17 21:00:42.941 INFO  --- [main] com.mangofactory.swagger.scanners.ApiListingReferenceScanner Line:82  - Adding resource to group:ResourceGroup{groupName='impression-controller', position=0} with description:Impression Controller for handler method:interextImpression
2019-05-17 21:00:42.942 INFO  --- [main] com.mangofactory.swagger.core.ClassOrApiAnnotationResourceGrouping Line:50  - Group for method getIndexInfo was info-controller
2019-05-17 21:00:42.942 INFO  --- [main] com.mangofactory.swagger.scanners.ApiListingReferenceScanner Line:78  - Request mapping: getIndexInfo belongs to groups: [[ResourceGroup{groupName='info-controller', position=0}]] 
2019-05-17 21:00:42.942 INFO  --- [main] com.mangofactory.swagger.scanners.ApiListingReferenceScanner Line:82  - Adding resource to group:ResourceGroup{groupName='info-controller', position=0} with description:Info Controller for handler method:getIndexInfo
2019-05-17 21:00:42.943 INFO  --- [main] com.mangofactory.swagger.core.ClassOrApiAnnotationResourceGrouping Line:50  - Group for method selectClass was new-classify-controller
2019-05-17 21:00:42.943 INFO  --- [main] com.mangofactory.swagger.scanners.ApiListingReferenceScanner Line:78  - Request mapping: selectClass belongs to groups: [[ResourceGroup{groupName='new-classify-controller', position=0}]] 
2019-05-17 21:00:42.943 INFO  --- [main] com.mangofactory.swagger.scanners.ApiListingReferenceScanner Line:82  - Adding resource to group:ResourceGroup{groupName='new-classify-controller', position=0} with description:New Classify Controller for handler method:selectClass
2019-05-17 21:00:42.944 INFO  --- [main] com.mangofactory.swagger.core.ClassOrApiAnnotationResourceGrouping Line:50  - Group for method selectClass was new-classify-controller
2019-05-17 21:00:42.944 INFO  --- [main] com.mangofactory.swagger.scanners.ApiListingReferenceScanner Line:78  - Request mapping: selectClass belongs to groups: [[ResourceGroup{groupName='new-classify-controller', position=0}]] 
2019-05-17 21:00:42.944 INFO  --- [main] com.mangofactory.swagger.scanners.ApiListingReferenceScanner Line:82  - Adding resource to group:ResourceGroup{groupName='new-classify-controller', position=0} with description:New Classify Controller for handler method:selectClass
2019-05-17 21:00:42.945 INFO  --- [main] com.mangofactory.swagger.core.ClassOrApiAnnotationResourceGrouping Line:50  - Group for method addNews was new-classify-controller
2019-05-17 21:00:42.945 INFO  --- [main] com.mangofactory.swagger.scanners.ApiListingReferenceScanner Line:78  - Request mapping: addNews belongs to groups: [[ResourceGroup{groupName='new-classify-controller', position=0}]] 
2019-05-17 21:00:42.945 INFO  --- [main] com.mangofactory.swagger.scanners.ApiListingReferenceScanner Line:82  - Adding resource to group:ResourceGroup{groupName='new-classify-controller', position=0} with description:New Classify Controller for handler method:addNews
2019-05-17 21:00:42.946 INFO  --- [main] com.mangofactory.swagger.core.ClassOrApiAnnotationResourceGrouping Line:50  - Group for method detail was news-controller
2019-05-17 21:00:42.946 INFO  --- [main] com.mangofactory.swagger.scanners.ApiListingReferenceScanner Line:78  - Request mapping: detail belongs to groups: [[ResourceGroup{groupName='news-controller', position=0}]] 
2019-05-17 21:00:42.947 INFO  --- [main] com.mangofactory.swagger.scanners.ApiListingReferenceScanner Line:82  - Adding resource to group:ResourceGroup{groupName='news-controller', position=0} with description:News Controller for handler method:detail
2019-05-17 21:00:42.947 INFO  --- [main] com.mangofactory.swagger.core.ClassOrApiAnnotationResourceGrouping Line:50  - Group for method addNews was news-controller
2019-05-17 21:00:42.947 INFO  --- [main] com.mangofactory.swagger.scanners.ApiListingReferenceScanner Line:78  - Request mapping: addNews belongs to groups: [[ResourceGroup{groupName='news-controller', position=0}]] 
2019-05-17 21:00:42.948 INFO  --- [main] com.mangofactory.swagger.scanners.ApiListingReferenceScanner Line:82  - Adding resource to group:ResourceGroup{groupName='news-controller', position=0} with description:News Controller for handler method:addNews
2019-05-17 21:00:42.948 INFO  --- [main] com.mangofactory.swagger.core.ClassOrApiAnnotationResourceGrouping Line:50  - Group for method selectNewsMain was news-controller
2019-05-17 21:00:42.949 INFO  --- [main] com.mangofactory.swagger.scanners.ApiListingReferenceScanner Line:78  - Request mapping: selectNewsMain belongs to groups: [[ResourceGroup{groupName='news-controller', position=0}]] 
2019-05-17 21:00:42.949 INFO  --- [main] com.mangofactory.swagger.scanners.ApiListingReferenceScanner Line:82  - Adding resource to group:ResourceGroup{groupName='news-controller', position=0} with description:News Controller for handler method:selectNewsMain
2019-05-17 21:00:42.949 INFO  --- [main] com.mangofactory.swagger.core.ClassOrApiAnnotationResourceGrouping Line:50  - Group for method updateNewMain was news-controller
2019-05-17 21:00:42.950 INFO  --- [main] com.mangofactory.swagger.scanners.ApiListingReferenceScanner Line:78  - Request mapping: updateNewMain belongs to groups: [[ResourceGroup{groupName='news-controller', position=0}]] 
2019-05-17 21:00:42.950 INFO  --- [main] com.mangofactory.swagger.scanners.ApiListingReferenceScanner Line:82  - Adding resource to group:ResourceGroup{groupName='news-controller', position=0} with description:News Controller for handler method:updateNewMain
2019-05-17 21:00:42.950 INFO  --- [main] com.mangofactory.swagger.core.ClassOrApiAnnotationResourceGrouping Line:50  - Group for method deleteNewMain was news-controller
2019-05-17 21:00:42.951 INFO  --- [main] com.mangofactory.swagger.scanners.ApiListingReferenceScanner Line:78  - Request mapping: deleteNewMain belongs to groups: [[ResourceGroup{groupName='news-controller', position=0}]] 
2019-05-17 21:00:42.951 INFO  --- [main] com.mangofactory.swagger.scanners.ApiListingReferenceScanner Line:82  - Adding resource to group:ResourceGroup{groupName='news-controller', position=0} with description:News Controller for handler method:deleteNewMain
2019-05-17 21:00:42.951 INFO  --- [main] com.mangofactory.swagger.core.ClassOrApiAnnotationResourceGrouping Line:50  - Group for method login was user-controller
2019-05-17 21:00:42.952 INFO  --- [main] com.mangofactory.swagger.scanners.ApiListingReferenceScanner Line:78  - Request mapping: login belongs to groups: [[ResourceGroup{groupName='user-controller', position=0}]] 
2019-05-17 21:00:42.952 INFO  --- [main] com.mangofactory.swagger.scanners.ApiListingReferenceScanner Line:82  - Adding resource to group:ResourceGroup{groupName='user-controller', position=0} with description:user Controller for handler method:login
2019-05-17 21:00:42.952 INFO  --- [main] com.mangofactory.swagger.core.ClassOrApiAnnotationResourceGrouping Line:50  - Group for method selectUser was user-controller
2019-05-17 21:00:42.952 INFO  --- [main] com.mangofactory.swagger.scanners.ApiListingReferenceScanner Line:78  - Request mapping: selectUser belongs to groups: [[ResourceGroup{groupName='user-controller', position=0}]] 
2019-05-17 21:00:42.953 INFO  --- [main] com.mangofactory.swagger.scanners.ApiListingReferenceScanner Line:82  - Adding resource to group:ResourceGroup{groupName='user-controller', position=0} with description:user Controller for handler method:selectUser
2019-05-17 21:00:42.953 INFO  --- [main] com.mangofactory.swagger.core.ClassOrApiAnnotationResourceGrouping Line:50  - Group for method selectUser was user-controller
2019-05-17 21:00:42.953 INFO  --- [main] com.mangofactory.swagger.scanners.ApiListingReferenceScanner Line:78  - Request mapping: selectUser belongs to groups: [[ResourceGroup{groupName='user-controller', position=0}]] 
2019-05-17 21:00:42.953 INFO  --- [main] com.mangofactory.swagger.scanners.ApiListingReferenceScanner Line:82  - Adding resource to group:ResourceGroup{groupName='user-controller', position=0} with description:user Controller for handler method:selectUser
2019-05-17 21:00:42.954 INFO  --- [main] com.mangofactory.swagger.core.ClassOrApiAnnotationResourceGrouping Line:50  - Group for method updateUserImageByMy was user-controller
2019-05-17 21:00:42.954 INFO  --- [main] com.mangofactory.swagger.scanners.ApiListingReferenceScanner Line:78  - Request mapping: updateUserImageByMy belongs to groups: [[ResourceGroup{groupName='user-controller', position=0}]] 
2019-05-17 21:00:42.954 INFO  --- [main] com.mangofactory.swagger.scanners.ApiListingReferenceScanner Line:82  - Adding resource to group:ResourceGroup{groupName='user-controller', position=0} with description:user Controller for handler method:updateUserImageByMy
2019-05-17 21:00:42.955 INFO  --- [main] com.mangofactory.swagger.core.ClassOrApiAnnotationResourceGrouping Line:50  - Group for method notPassUser was user-controller
2019-05-17 21:00:42.955 INFO  --- [main] com.mangofactory.swagger.scanners.ApiListingReferenceScanner Line:78  - Request mapping: notPassUser belongs to groups: [[ResourceGroup{groupName='user-controller', position=0}]] 
2019-05-17 21:00:42.955 INFO  --- [main] com.mangofactory.swagger.scanners.ApiListingReferenceScanner Line:82  - Adding resource to group:ResourceGroup{groupName='user-controller', position=0} with description:user Controller for handler method:notPassUser
2019-05-17 21:00:42.956 INFO  --- [main] com.mangofactory.swagger.core.ClassOrApiAnnotationResourceGrouping Line:50  - Group for method beAdmin was user-controller
2019-05-17 21:00:42.956 INFO  --- [main] com.mangofactory.swagger.scanners.ApiListingReferenceScanner Line:78  - Request mapping: beAdmin belongs to groups: [[ResourceGroup{groupName='user-controller', position=0}]] 
2019-05-17 21:00:42.956 INFO  --- [main] com.mangofactory.swagger.scanners.ApiListingReferenceScanner Line:82  - Adding resource to group:ResourceGroup{groupName='user-controller', position=0} with description:user Controller for handler method:beAdmin
2019-05-17 21:00:42.956 INFO  --- [main] com.mangofactory.swagger.core.ClassOrApiAnnotationResourceGrouping Line:50  - Group for method bePlayer was user-controller
2019-05-17 21:00:42.957 INFO  --- [main] com.mangofactory.swagger.scanners.ApiListingReferenceScanner Line:78  - Request mapping: bePlayer belongs to groups: [[ResourceGroup{groupName='user-controller', position=0}]] 
2019-05-17 21:00:42.957 INFO  --- [main] com.mangofactory.swagger.scanners.ApiListingReferenceScanner Line:82  - Adding resource to group:ResourceGroup{groupName='user-controller', position=0} with description:user Controller for handler method:bePlayer
2019-05-17 21:00:42.957 INFO  --- [main] com.mangofactory.swagger.core.ClassOrApiAnnotationResourceGrouping Line:50  - Group for method updateUserImage was user-controller
2019-05-17 21:00:42.958 INFO  --- [main] com.mangofactory.swagger.scanners.ApiListingReferenceScanner Line:78  - Request mapping: updateUserImage belongs to groups: [[ResourceGroup{groupName='user-controller', position=0}]] 
2019-05-17 21:00:42.958 INFO  --- [main] com.mangofactory.swagger.scanners.ApiListingReferenceScanner Line:82  - Adding resource to group:ResourceGroup{groupName='user-controller', position=0} with description:user Controller for handler method:updateUserImage
2019-05-17 21:00:42.958 INFO  --- [main] com.mangofactory.swagger.core.ClassOrApiAnnotationResourceGrouping Line:50  - Group for method updateUserInfo was user-controller
2019-05-17 21:00:42.958 INFO  --- [main] com.mangofactory.swagger.scanners.ApiListingReferenceScanner Line:78  - Request mapping: updateUserInfo belongs to groups: [[ResourceGroup{groupName='user-controller', position=0}]] 
2019-05-17 21:00:42.959 INFO  --- [main] com.mangofactory.swagger.scanners.ApiListingReferenceScanner Line:82  - Adding resource to group:ResourceGroup{groupName='user-controller', position=0} with description:user Controller for handler method:updateUserInfo
2019-05-17 21:00:42.959 INFO  --- [main] com.mangofactory.swagger.core.ClassOrApiAnnotationResourceGrouping Line:50  - Group for method register was user-controller
2019-05-17 21:00:42.960 INFO  --- [main] com.mangofactory.swagger.scanners.ApiListingReferenceScanner Line:78  - Request mapping: register belongs to groups: [[ResourceGroup{groupName='user-controller', position=0}]] 
2019-05-17 21:00:42.960 INFO  --- [main] com.mangofactory.swagger.scanners.ApiListingReferenceScanner Line:82  - Adding resource to group:ResourceGroup{groupName='user-controller', position=0} with description:user Controller for handler method:register
2019-05-17 21:00:42.960 INFO  --- [main] com.mangofactory.swagger.core.ClassOrApiAnnotationResourceGrouping Line:50  - Group for method userInfo was user-controller
2019-05-17 21:00:42.960 INFO  --- [main] com.mangofactory.swagger.scanners.ApiListingReferenceScanner Line:78  - Request mapping: userInfo belongs to groups: [[ResourceGroup{groupName='user-controller', position=0}]] 
2019-05-17 21:00:42.961 INFO  --- [main] com.mangofactory.swagger.scanners.ApiListingReferenceScanner Line:82  - Adding resource to group:ResourceGroup{groupName='user-controller', position=0} with description:user Controller for handler method:userInfo
2019-05-17 21:00:42.961 INFO  --- [main] com.mangofactory.swagger.core.ClassOrApiAnnotationResourceGrouping Line:50  - Group for method getUserInfo was user-controller
2019-05-17 21:00:42.961 INFO  --- [main] com.mangofactory.swagger.scanners.ApiListingReferenceScanner Line:78  - Request mapping: getUserInfo belongs to groups: [[ResourceGroup{groupName='user-controller', position=0}]] 
2019-05-17 21:00:42.962 INFO  --- [main] com.mangofactory.swagger.scanners.ApiListingReferenceScanner Line:82  - Adding resource to group:ResourceGroup{groupName='user-controller', position=0} with description:user Controller for handler method:getUserInfo
2019-05-17 21:00:42.962 INFO  --- [main] com.mangofactory.swagger.core.ClassOrApiAnnotationResourceGrouping Line:50  - Group for method wInfo was program-controller
2019-05-17 21:00:42.962 INFO  --- [main] com.mangofactory.swagger.scanners.ApiListingReferenceScanner Line:78  - Request mapping: wInfo belongs to groups: [[ResourceGroup{groupName='program-controller', position=0}]] 
2019-05-17 21:00:42.962 INFO  --- [main] com.mangofactory.swagger.scanners.ApiListingReferenceScanner Line:82  - Adding resource to group:ResourceGroup{groupName='program-controller', position=0} with description:program Controller for handler method:wInfo
2019-05-17 21:00:42.963 INFO  --- [main] com.mangofactory.swagger.core.ClassOrApiAnnotationResourceGrouping Line:50  - Group for method cLogin was program-controller
2019-05-17 21:00:42.963 INFO  --- [main] com.mangofactory.swagger.scanners.ApiListingReferenceScanner Line:78  - Request mapping: cLogin belongs to groups: [[ResourceGroup{groupName='program-controller', position=0}]] 
2019-05-17 21:00:42.963 INFO  --- [main] com.mangofactory.swagger.scanners.ApiListingReferenceScanner Line:82  - Adding resource to group:ResourceGroup{groupName='program-controller', position=0} with description:program Controller for handler method:cLogin
2019-05-17 21:00:42.964 INFO  --- [main] com.mangofactory.swagger.core.ClassOrApiAnnotationResourceGrouping Line:50  - Group for method register was program-controller
2019-05-17 21:00:42.964 INFO  --- [main] com.mangofactory.swagger.scanners.ApiListingReferenceScanner Line:78  - Request mapping: register belongs to groups: [[ResourceGroup{groupName='program-controller', position=0}]] 
2019-05-17 21:00:42.964 INFO  --- [main] com.mangofactory.swagger.scanners.ApiListingReferenceScanner Line:82  - Adding resource to group:ResourceGroup{groupName='program-controller', position=0} with description:program Controller for handler method:register
2019-05-17 21:00:42.965 INFO  --- [main] com.mangofactory.swagger.core.ClassOrApiAnnotationResourceGrouping Line:50  - Group for method wInfo was test
2019-05-17 21:00:42.965 INFO  --- [main] com.mangofactory.swagger.scanners.ApiListingReferenceScanner Line:78  - Request mapping: wInfo belongs to groups: [[ResourceGroup{groupName='test', position=0}]] 
2019-05-17 21:00:42.965 INFO  --- [main] com.mangofactory.swagger.scanners.ApiListingReferenceScanner Line:82  - Adding resource to group:ResourceGroup{groupName='test', position=0} with description:test for handler method:wInfo
2019-05-17 21:00:42.966 INFO  --- [main] com.mangofactory.swagger.core.ClassOrApiAnnotationResourceGrouping Line:50  - Group for method cLogin was test
2019-05-17 21:00:42.966 INFO  --- [main] com.mangofactory.swagger.scanners.ApiListingReferenceScanner Line:78  - Request mapping: cLogin belongs to groups: [[ResourceGroup{groupName='test', position=0}]] 
2019-05-17 21:00:42.966 INFO  --- [main] com.mangofactory.swagger.scanners.ApiListingReferenceScanner Line:82  - Adding resource to group:ResourceGroup{groupName='test', position=0} with description:test for handler method:cLogin
2019-05-17 21:00:42.967 INFO  --- [main] com.mangofactory.swagger.core.ClassOrApiAnnotationResourceGrouping Line:50  - Group for method wLogin was test
2019-05-17 21:00:42.967 INFO  --- [main] com.mangofactory.swagger.scanners.ApiListingReferenceScanner Line:78  - Request mapping: wLogin belongs to groups: [[ResourceGroup{groupName='test', position=0}]] 
2019-05-17 21:00:42.967 INFO  --- [main] com.mangofactory.swagger.scanners.ApiListingReferenceScanner Line:82  - Adding resource to group:ResourceGroup{groupName='test', position=0} with description:test for handler method:wLogin
2019-05-17 21:00:42.967 INFO  --- [main] com.mangofactory.swagger.core.ClassOrApiAnnotationResourceGrouping Line:50  - Group for method menu was test
2019-05-17 21:00:42.968 INFO  --- [main] com.mangofactory.swagger.scanners.ApiListingReferenceScanner Line:78  - Request mapping: menu belongs to groups: [[ResourceGroup{groupName='test', position=0}]] 
2019-05-17 21:00:42.968 INFO  --- [main] com.mangofactory.swagger.scanners.ApiListingReferenceScanner Line:82  - Adding resource to group:ResourceGroup{groupName='test', position=0} with description:test for handler method:menu
2019-05-17 21:00:42.968 INFO  --- [main] com.mangofactory.swagger.core.ClassOrApiAnnotationResourceGrouping Line:50  - Group for method menuGet was test
2019-05-17 21:00:42.968 INFO  --- [main] com.mangofactory.swagger.scanners.ApiListingReferenceScanner Line:78  - Request mapping: menuGet belongs to groups: [[ResourceGroup{groupName='test', position=0}]] 
2019-05-17 21:00:42.969 INFO  --- [main] com.mangofactory.swagger.scanners.ApiListingReferenceScanner Line:82  - Adding resource to group:ResourceGroup{groupName='test', position=0} with description:test for handler method:menuGet
2019-05-17 21:00:42.969 INFO  --- [main] com.mangofactory.swagger.core.ClassOrApiAnnotationResourceGrouping Line:50  - Group for method menuDelete was test
2019-05-17 21:00:42.969 INFO  --- [main] com.mangofactory.swagger.scanners.ApiListingReferenceScanner Line:78  - Request mapping: menuDelete belongs to groups: [[ResourceGroup{groupName='test', position=0}]] 
2019-05-17 21:00:42.969 INFO  --- [main] com.mangofactory.swagger.scanners.ApiListingReferenceScanner Line:82  - Adding resource to group:ResourceGroup{groupName='test', position=0} with description:test for handler method:menuDelete
2019-05-17 21:00:42.969 INFO  --- [main] com.mangofactory.swagger.core.ClassOrApiAnnotationResourceGrouping Line:50  - Group for method test was test
2019-05-17 21:00:42.970 INFO  --- [main] com.mangofactory.swagger.scanners.ApiListingReferenceScanner Line:78  - Request mapping: test belongs to groups: [[ResourceGroup{groupName='test', position=0}]] 
2019-05-17 21:00:42.970 INFO  --- [main] com.mangofactory.swagger.scanners.ApiListingReferenceScanner Line:82  - Adding resource to group:ResourceGroup{groupName='test', position=0} with description:test for handler method:test
2019-05-17 21:00:42.970 INFO  --- [main] com.mangofactory.swagger.core.ClassOrApiAnnotationResourceGrouping Line:50  - Group for method id was test
2019-05-17 21:00:42.970 INFO  --- [main] com.mangofactory.swagger.scanners.ApiListingReferenceScanner Line:78  - Request mapping: id belongs to groups: [[ResourceGroup{groupName='test', position=0}]] 
2019-05-17 21:00:42.970 INFO  --- [main] com.mangofactory.swagger.scanners.ApiListingReferenceScanner Line:82  - Adding resource to group:ResourceGroup{groupName='test', position=0} with description:test for handler method:id
2019-05-17 21:00:42.971 INFO  --- [main] com.mangofactory.swagger.core.RequestMappingEvaluator Line:74  - Excluding method as it contains the excluded annotation: interface com.mangofactory.swagger.annotations.ApiIgnore
2019-05-17 21:00:42.971 INFO  --- [main] com.mangofactory.swagger.core.RequestMappingEvaluator Line:74  - Excluding method as it contains the excluded annotation: interface com.mangofactory.swagger.annotations.ApiIgnore
2019-05-17 21:00:42.971 INFO  --- [main] com.mangofactory.swagger.core.ClassOrApiAnnotationResourceGrouping Line:50  - Group for method errorHtml was basic-error-controller
2019-05-17 21:00:42.972 INFO  --- [main] com.mangofactory.swagger.scanners.ApiListingReferenceScanner Line:78  - Request mapping: errorHtml belongs to groups: [[ResourceGroup{groupName='basic-error-controller', position=0}]] 
2019-05-17 21:00:42.972 INFO  --- [main] com.mangofactory.swagger.scanners.ApiListingReferenceScanner Line:82  - Adding resource to group:ResourceGroup{groupName='basic-error-controller', position=0} with description:Basic Error Controller for handler method:errorHtml
2019-05-17 21:00:42.972 INFO  --- [main] com.mangofactory.swagger.core.ClassOrApiAnnotationResourceGrouping Line:50  - Group for method error was basic-error-controller
2019-05-17 21:00:42.973 INFO  --- [main] com.mangofactory.swagger.scanners.ApiListingReferenceScanner Line:78  - Request mapping: error belongs to groups: [[ResourceGroup{groupName='basic-error-controller', position=0}]] 
2019-05-17 21:00:42.973 INFO  --- [main] com.mangofactory.swagger.scanners.ApiListingReferenceScanner Line:82  - Adding resource to group:ResourceGroup{groupName='basic-error-controller', position=0} with description:Basic Error Controller for handler method:error
2019-05-17 21:00:42.983 INFO  --- [main] com.mangofactory.swagger.scanners.ApiListingReferenceScanner Line:96  - Created resource listing Path: /default/announcement-c-ontroller Description: announcement-c-ontroller Position: 0
2019-05-17 21:00:42.984 INFO  --- [main] com.mangofactory.swagger.scanners.ApiListingReferenceScanner Line:96  - Created resource listing Path: /default/info-controller Description: info-controller Position: 0
2019-05-17 21:00:42.984 INFO  --- [main] com.mangofactory.swagger.scanners.ApiListingReferenceScanner Line:96  - Created resource listing Path: /default/image-controller Description: image-controller Position: 0
2019-05-17 21:00:42.984 INFO  --- [main] com.mangofactory.swagger.scanners.ApiListingReferenceScanner Line:96  - Created resource listing Path: /default/test Description: test Position: 0
2019-05-17 21:00:42.984 INFO  --- [main] com.mangofactory.swagger.scanners.ApiListingReferenceScanner Line:96  - Created resource listing Path: /default/impression-controller Description: impression-controller Position: 0
2019-05-17 21:00:42.984 INFO  --- [main] com.mangofactory.swagger.scanners.ApiListingReferenceScanner Line:96  - Created resource listing Path: /default/new-classify-controller Description: new-classify-controller Position: 0
2019-05-17 21:00:42.984 INFO  --- [main] com.mangofactory.swagger.scanners.ApiListingReferenceScanner Line:96  - Created resource listing Path: /default/user-controller Description: user-controller Position: 0
2019-05-17 21:00:42.985 INFO  --- [main] com.mangofactory.swagger.scanners.ApiListingReferenceScanner Line:96  - Created resource listing Path: /default/attendance-controller Description: attendance-controller Position: 0
2019-05-17 21:00:42.985 INFO  --- [main] com.mangofactory.swagger.scanners.ApiListingReferenceScanner Line:96  - Created resource listing Path: /default/program-controller Description: program-controller Position: 0
2019-05-17 21:00:42.985 INFO  --- [main] com.mangofactory.swagger.scanners.ApiListingReferenceScanner Line:96  - Created resource listing Path: /default/news-controller Description: news-controller Position: 0
2019-05-17 21:00:42.985 INFO  --- [main] com.mangofactory.swagger.scanners.ApiListingReferenceScanner Line:96  - Created resource listing Path: /default/basic-error-controller Description: basic-error-controller Position: 0
2019-05-17 21:00:42.985 INFO  --- [main] com.mangofactory.swagger.scanners.ApiListingReferenceScanner Line:96  - Created resource listing Path: /default/competition-controller Description: competition-controller Position: 0
2019-05-17 21:00:42.986 INFO  --- [main] com.mangofactory.swagger.scanners.ApiListingReferenceScanner Line:96  - Created resource listing Path: /default/day-duty-controller Description: day-duty-controller Position: 0
2019-05-17 21:00:45.043 INFO  --- [main] com.mangofactory.swagger.core.SwaggerApiResourceListing Line:89  - Added a resource listing with (13) api resources: 
2019-05-17 21:00:45.044 INFO  --- [main] com.mangofactory.swagger.core.SwaggerApiResourceListing Line:93  -   Announcement C Ontroller at location: /api-docs/default/announcement-c-ontroller
2019-05-17 21:00:45.044 INFO  --- [main] com.mangofactory.swagger.core.SwaggerApiResourceListing Line:93  -   Attendance Controller at location: /api-docs/default/attendance-controller
2019-05-17 21:00:45.044 INFO  --- [main] com.mangofactory.swagger.core.SwaggerApiResourceListing Line:93  -   Basic Error Controller at location: /api-docs/default/basic-error-controller
2019-05-17 21:00:45.044 INFO  --- [main] com.mangofactory.swagger.core.SwaggerApiResourceListing Line:93  -   Competition Controller at location: /api-docs/default/competition-controller
2019-05-17 21:00:45.044 INFO  --- [main] com.mangofactory.swagger.core.SwaggerApiResourceListing Line:93  -   Day Duty Controller at location: /api-docs/default/day-duty-controller
2019-05-17 21:00:45.044 INFO  --- [main] com.mangofactory.swagger.core.SwaggerApiResourceListing Line:93  -   Image Controller at location: /api-docs/default/image-controller
2019-05-17 21:00:45.044 INFO  --- [main] com.mangofactory.swagger.core.SwaggerApiResourceListing Line:93  -   Impression Controller at location: /api-docs/default/impression-controller
2019-05-17 21:00:45.044 INFO  --- [main] com.mangofactory.swagger.core.SwaggerApiResourceListing Line:93  -   Info Controller at location: /api-docs/default/info-controller
2019-05-17 21:00:45.044 INFO  --- [main] com.mangofactory.swagger.core.SwaggerApiResourceListing Line:93  -   New Classify Controller at location: /api-docs/default/new-classify-controller
2019-05-17 21:00:45.044 INFO  --- [main] com.mangofactory.swagger.core.SwaggerApiResourceListing Line:93  -   News Controller at location: /api-docs/default/news-controller
2019-05-17 21:00:45.045 INFO  --- [main] com.mangofactory.swagger.core.SwaggerApiResourceListing Line:93  -   program Controller at location: /api-docs/default/program-controller
2019-05-17 21:00:45.045 INFO  --- [main] com.mangofactory.swagger.core.SwaggerApiResourceListing Line:93  -   test at location: /api-docs/default/test
2019-05-17 21:00:45.045 INFO  --- [main] com.mangofactory.swagger.core.SwaggerApiResourceListing Line:93  -   user Controller at location: /api-docs/default/user-controller
2019-05-17 21:00:45.049 INFO  --- [main] org.apache.coyote.http11.Http11NioProtocol Line:180 - Starting ProtocolHandler ["http-nio-9999"]
2019-05-17 21:00:45.055 INFO  --- [main] org.apache.tomcat.util.net.NioSelectorPool Line:180 - Using a shared selector for servlet write/read
2019-05-17 21:00:45.091 INFO  --- [main] com.example.acm.AcmApplication Line:59  - Started AcmApplication in 9.529 seconds (JVM running for 10.938)
